updating: index.js (deflated 76%)
updating: node_modules/ (stored 0%)
updating: node_modules/asn1/ (stored 0%)
updating: node_modules/asn1/LICENSE (deflated 41%)
updating: node_modules/asn1/README.md (deflated 48%)
updating: node_modules/asn1/package.json (deflated 53%)
updating: node_modules/asn1/lib/ (stored 0%)
updating: node_modules/asn1/lib/index.js (deflated 28%)
updating: node_modules/asn1/lib/ber/ (stored 0%)
updating: node_modules/asn1/lib/ber/types.js (deflated 44%)
updating: node_modules/asn1/lib/ber/index.js (deflated 48%)
updating: node_modules/asn1/lib/ber/errors.js (deflated 29%)
updating: node_modules/asn1/lib/ber/reader.js (deflated 70%)
updating: node_modules/asn1/lib/ber/writer.js (deflated 74%)
updating: node_modules/.bin/ (stored 0%)
updating: node_modules/.bin/sshpk-conv (deflated 65%)
updating: node_modules/.bin/sshpk-verify (deflated 67%)
updating: node_modules/.bin/sshpk-sign (deflated 66%)
updating: node_modules/.bin/uuid (deflated 69%)
updating: node_modules/aws-sign2/ (stored 0%)
updating: node_modules/aws-sign2/LICENSE (deflated 64%)
updating: node_modules/aws-sign2/index.js (deflated 64%)
updating: node_modules/aws-sign2/README.md (deflated 15%)
updating: node_modules/aws-sign2/package.json (deflated 54%)
updating: node_modules/extend/ (stored 0%)
updating: node_modules/extend/LICENSE (deflated 41%)
updating: node_modules/extend/CHANGELOG.md (deflated 56%)
updating: node_modules/extend/.eslintrc (deflated 43%)
updating: node_modules/extend/index.js (deflated 63%)
updating: node_modules/extend/.editorconfig (deflated 40%)
updating: node_modules/extend/README.md (deflated 55%)
updating: node_modules/extend/component.json (deflated 43%)
updating: node_modules/extend/package.json (deflated 56%)
updating: node_modules/extend/.jscs.json (deflated 70%)
updating: node_modules/extend/.travis.yml (deflated 89%)
updating: node_modules/har-validator/ (stored 0%)
updating: node_modules/har-validator/LICENSE (deflated 42%)
updating: node_modules/har-validator/README.md (deflated 57%)
updating: node_modules/har-validator/package.json (deflated 56%)
updating: node_modules/har-validator/lib/ (stored 0%)
updating: node_modules/har-validator/lib/promise.js (deflated 74%)
updating: node_modules/har-validator/lib/error.js (deflated 46%)
updating: node_modules/har-validator/lib/async.js (deflated 76%)
updating: node_modules/punycode/ (stored 0%)
updating: node_modules/punycode/punycode.es6.js (deflated 67%)
updating: node_modules/punycode/punycode.js (deflated 66%)
updating: node_modules/punycode/LICENSE-MIT.txt (deflated 41%)
updating: node_modules/punycode/README.md (deflated 60%)
updating: node_modules/punycode/package.json (deflated 56%)
updating: node_modules/core-util-is/ (stored 0%)
updating: node_modules/core-util-is/test.js (deflated 82%)
updating: node_modules/core-util-is/LICENSE (deflated 42%)
updating: node_modules/core-util-is/README.md (deflated 3%)
updating: node_modules/core-util-is/package.json (deflated 56%)
updating: node_modules/core-util-is/lib/ (stored 0%)
updating: node_modules/core-util-is/lib/util.js (deflated 61%)
updating: node_modules/core-util-is/float.patch (deflated 69%)
updating: node_modules/fast-json-stable-stringify/ (stored 0%)
updating: node_modules/fast-json-stable-stringify/benchmark/ (stored 0%)
updating: node_modules/fast-json-stable-stringify/benchmark/index.js (deflated 53%)
updating: node_modules/fast-json-stable-stringify/benchmark/test.json (deflated 64%)
updating: node_modules/fast-json-stable-stringify/.eslintrc.yml (deflated 46%)
updating: node_modules/fast-json-stable-stringify/LICENSE (deflated 42%)
updating: node_modules/fast-json-stable-stringify/test/ (stored 0%)
updating: node_modules/fast-json-stable-stringify/test/str.js (deflated 73%)
updating: node_modules/fast-json-stable-stringify/test/nested.js (deflated 60%)
updating: node_modules/fast-json-stable-stringify/test/cmp.js (deflated 35%)
updating: node_modules/fast-json-stable-stringify/test/to-json.js (deflated 66%)
updating: node_modules/fast-json-stable-stringify/example/ (stored 0%)
updating: node_modules/fast-json-stable-stringify/example/key_cmp.js (deflated 18%)
updating: node_modules/fast-json-stable-stringify/example/str.js (deflated 9%)
updating: node_modules/fast-json-stable-stringify/example/nested.js (deflated 9%)
updating: node_modules/fast-json-stable-stringify/example/value_cmp.js (deflated 20%)
updating: node_modules/fast-json-stable-stringify/index.js (deflated 64%)
updating: node_modules/fast-json-stable-stringify/README.md (deflated 61%)
updating: node_modules/fast-json-stable-stringify/package.json (deflated 60%)
updating: node_modules/fast-json-stable-stringify/.github/ (stored 0%)
updating: node_modules/fast-json-stable-stringify/.github/FUNDING.yml (stored 0%)
updating: node_modules/fast-json-stable-stringify/index.d.ts (deflated 19%)
updating: node_modules/fast-json-stable-stringify/.travis.yml (deflated 28%)
updating: node_modules/bcrypt-pbkdf/ (stored 0%)
updating: node_modules/bcrypt-pbkdf/LICENSE (deflated 62%)
updating: node_modules/bcrypt-pbkdf/index.js (deflated 59%)
updating: node_modules/bcrypt-pbkdf/README.md (deflated 52%)
updating: node_modules/bcrypt-pbkdf/package.json (deflated 55%)
updating: node_modules/bcrypt-pbkdf/CONTRIBUTING.md (deflated 42%)
updating: node_modules/aws4/ (stored 0%)
updating: node_modules/aws4/LICENSE (deflated 41%)
updating: node_modules/aws4/README.md (deflated 72%)
updating: node_modules/aws4/package.json (deflated 56%)
updating: node_modules/aws4/aws4.js (deflated 70%)
updating: node_modules/aws4/.travis.yml (deflated 45%)
updating: node_modules/aws4/lru.js (deflated 73%)
updating: node_modules/har-schema/ (stored 0%)
updating: node_modules/har-schema/LICENSE (deflated 37%)
updating: node_modules/har-schema/README.md (deflated 70%)
updating: node_modules/har-schema/package.json (deflated 59%)
updating: node_modules/har-schema/lib/ (stored 0%)
updating: node_modules/har-schema/lib/request.json (deflated 70%)
updating: node_modules/har-schema/lib/content.json (deflated 60%)
updating: node_modules/har-schema/lib/entry.json (deflated 65%)
updating: node_modules/har-schema/lib/timings.json (deflated 70%)
updating: node_modules/har-schema/lib/creator.json (deflated 51%)
updating: node_modules/har-schema/lib/header.json (deflated 51%)
updating: node_modules/har-schema/lib/cookie.json (deflated 62%)
updating: node_modules/har-schema/lib/log.json (deflated 64%)
updating: node_modules/har-schema/lib/query.json (deflated 50%)
updating: node_modules/har-schema/lib/afterRequest.json (deflated 64%)
updating: node_modules/har-schema/lib/index.js (deflated 69%)
updating: node_modules/har-schema/lib/postData.json (deflated 69%)
updating: node_modules/har-schema/lib/pageTimings.json (deflated 49%)
updating: node_modules/har-schema/lib/cache.json (deflated 57%)
updating: node_modules/har-schema/lib/response.json (deflated 69%)
updating: node_modules/har-schema/lib/har.json (deflated 34%)
updating: node_modules/har-schema/lib/browser.json (deflated 51%)
updating: node_modules/har-schema/lib/page.json (deflated 58%)
updating: node_modules/har-schema/lib/beforeRequest.json (deflated 64%)
updating: node_modules/extsprintf/ (stored 0%)
updating: node_modules/extsprintf/.npmignore (stored 0%)
updating: node_modules/extsprintf/LICENSE (deflated 41%)
updating: node_modules/extsprintf/Makefile (deflated 36%)
updating: node_modules/extsprintf/jsl.node.conf (deflated 63%)
updating: node_modules/extsprintf/.gitmodules (stored 0%)
updating: node_modules/extsprintf/README.md (deflated 47%)
updating: node_modules/extsprintf/package.json (deflated 55%)
updating: node_modules/extsprintf/lib/ (stored 0%)
updating: node_modules/extsprintf/lib/extsprintf.js (deflated 58%)
updating: node_modules/extsprintf/Makefile.targ (deflated 61%)
updating: node_modules/safe-buffer/ (stored 0%)
updating: node_modules/safe-buffer/LICENSE (deflated 41%)
updating: node_modules/safe-buffer/index.js (deflated 67%)
updating: node_modules/safe-buffer/README.md (deflated 65%)
updating: node_modules/safe-buffer/package.json (deflated 55%)
updating: node_modules/safe-buffer/index.d.ts (deflated 79%)
updating: node_modules/caseless/ (stored 0%)
updating: node_modules/caseless/test.js (deflated 67%)
updating: node_modules/caseless/LICENSE (deflated 64%)
updating: node_modules/caseless/index.js (deflated 66%)
updating: node_modules/caseless/README.md (deflated 54%)
updating: node_modules/caseless/package.json (deflated 55%)
updating: node_modules/getpass/ (stored 0%)
updating: node_modules/getpass/.npmignore (deflated 9%)
updating: node_modules/getpass/LICENSE (deflated 42%)
updating: node_modules/getpass/README.md (deflated 43%)
updating: node_modules/getpass/package.json (deflated 54%)
updating: node_modules/getpass/lib/ (stored 0%)
updating: node_modules/getpass/lib/index.js (deflated 53%)
updating: node_modules/getpass/.travis.yml (deflated 31%)
updating: node_modules/psl/ (stored 0%)
updating: node_modules/psl/LICENSE (deflated 42%)
updating: node_modules/psl/dist/ (stored 0%)
updating: node_modules/psl/dist/psl.js (deflated 70%)
updating: node_modules/psl/dist/psl.min.js (deflated 68%)
updating: node_modules/psl/index.js (deflated 65%)
updating: node_modules/psl/README.md (deflated 61%)
updating: node_modules/psl/package.json (deflated 55%)
updating: node_modules/psl/browserstack-logo.svg (deflated 66%)
updating: node_modules/psl/data/ (stored 0%)
updating: node_modules/psl/data/rules.json (deflated 71%)
updating: node_modules/qs/ (stored 0%)
updating: node_modules/qs/LICENSE (deflated 49%)
updating: node_modules/qs/test/ (stored 0%)
updating: node_modules/qs/test/stringify.js (deflated 83%)
updating: node_modules/qs/test/.eslintrc (deflated 49%)
updating: node_modules/qs/test/index.js (deflated 35%)
updating: node_modules/qs/test/parse.js (deflated 82%)
updating: node_modules/qs/test/utils.js (deflated 67%)
updating: node_modules/qs/CHANGELOG.md (deflated 73%)
updating: node_modules/qs/dist/ (stored 0%)
updating: node_modules/qs/dist/qs.js (deflated 75%)
updating: node_modules/qs/.eslintrc (deflated 49%)
updating: node_modules/qs/.editorconfig (deflated 53%)
updating: node_modules/qs/README.md (deflated 68%)
updating: node_modules/qs/package.json (deflated 55%)
updating: node_modules/qs/lib/ (stored 0%)
updating: node_modules/qs/lib/stringify.js (deflated 77%)
updating: node_modules/qs/lib/index.js (deflated 46%)
updating: node_modules/qs/lib/parse.js (deflated 70%)
updating: node_modules/qs/lib/utils.js (deflated 71%)
updating: node_modules/qs/lib/formats.js (deflated 47%)
updating: node_modules/qs/.eslintignore (stored 0%)
updating: node_modules/combined-stream/ (stored 0%)
updating: node_modules/combined-stream/License (deflated 41%)
updating: node_modules/combined-stream/Readme.md (deflated 65%)
updating: node_modules/combined-stream/yarn.lock (deflated 42%)
updating: node_modules/combined-stream/package.json (deflated 56%)
updating: node_modules/combined-stream/lib/ (stored 0%)
updating: node_modules/combined-stream/lib/combined_stream.js (deflated 75%)
updating: node_modules/safer-buffer/ (stored 0%)
updating: node_modules/safer-buffer/LICENSE (deflated 40%)
updating: node_modules/safer-buffer/Porting-Buffer.md (deflated 61%)
updating: node_modules/safer-buffer/safer.js (deflated 63%)
updating: node_modules/safer-buffer/Readme.md (deflated 58%)
updating: node_modules/safer-buffer/tests.js (deflated 86%)
updating: node_modules/safer-buffer/package.json (deflated 55%)
updating: node_modules/safer-buffer/dangerous.js (deflated 67%)
updating: node_modules/mime-types/ (stored 0%)
updating: node_modules/mime-types/LICENSE (deflated 41%)
updating: node_modules/mime-types/HISTORY.md (deflated 76%)
updating: node_modules/mime-types/index.js (deflated 66%)
updating: node_modules/mime-types/README.md (deflated 63%)
updating: node_modules/mime-types/package.json (deflated 57%)
updating: node_modules/json-schema-traverse/ (stored 0%)
updating: node_modules/json-schema-traverse/.eslintrc.yml (deflated 46%)
updating: node_modules/json-schema-traverse/LICENSE (deflated 41%)
updating: node_modules/json-schema-traverse/spec/ (stored 0%)
updating: node_modules/json-schema-traverse/spec/.eslintrc.yml (deflated 21%)
updating: node_modules/json-schema-traverse/spec/index.spec.js (deflated 83%)
updating: node_modules/json-schema-traverse/spec/fixtures/ (stored 0%)
updating: node_modules/json-schema-traverse/spec/fixtures/schema.js (deflated 82%)
updating: node_modules/json-schema-traverse/index.js (deflated 69%)
updating: node_modules/json-schema-traverse/README.md (deflated 63%)
updating: node_modules/json-schema-traverse/package.json (deflated 57%)
updating: node_modules/json-schema-traverse/.travis.yml (deflated 27%)
updating: node_modules/is-typedarray/ (stored 0%)
updating: node_modules/is-typedarray/LICENSE.md (deflated 42%)
updating: node_modules/is-typedarray/test.js (deflated 79%)
updating: node_modules/is-typedarray/index.js (deflated 72%)
updating: node_modules/is-typedarray/README.md (deflated 44%)
updating: node_modules/is-typedarray/package.json (deflated 57%)
updating: node_modules/http-signature/ (stored 0%)
updating: node_modules/http-signature/.npmignore (deflated 11%)
updating: node_modules/http-signature/http_signing.md (deflated 60%)
updating: node_modules/http-signature/.dir-locals.el (deflated 47%)
updating: node_modules/http-signature/LICENSE (deflated 42%)
updating: node_modules/http-signature/README.md (deflated 53%)
updating: node_modules/http-signature/package.json (deflated 58%)
updating: node_modules/http-signature/lib/ (stored 0%)
updating: node_modules/http-signature/lib/index.js (deflated 59%)
updating: node_modules/http-signature/lib/signer.js (deflated 72%)
updating: node_modules/http-signature/lib/verify.js (deflated 65%)
updating: node_modules/http-signature/lib/utils.js (deflated 64%)
updating: node_modules/http-signature/lib/parser.js (deflated 73%)
updating: node_modules/http-signature/CHANGES.md (deflated 49%)
updating: node_modules/jsprim/ (stored 0%)
updating: node_modules/jsprim/LICENSE (deflated 41%)
updating: node_modules/jsprim/README.md (deflated 62%)
updating: node_modules/jsprim/package.json (deflated 53%)
updating: node_modules/jsprim/CONTRIBUTING.md (deflated 45%)
updating: node_modules/jsprim/lib/ (stored 0%)
updating: node_modules/jsprim/lib/jsprim.js (deflated 67%)
updating: node_modules/jsprim/CHANGES.md (deflated 46%)
updating: node_modules/forever-agent/ (stored 0%)
updating: node_modules/forever-agent/LICENSE (deflated 64%)
updating: node_modules/forever-agent/index.js (deflated 70%)
updating: node_modules/forever-agent/README.md (deflated 26%)
updating: node_modules/forever-agent/package.json (deflated 56%)
updating: node_modules/uri-js/ (stored 0%)
updating: node_modules/uri-js/dist/ (stored 0%)
updating: node_modules/uri-js/dist/es5/ (stored 0%)
updating: node_modules/uri-js/dist/es5/uri.all.js.map (deflated 71%)
updating: node_modules/uri-js/dist/es5/uri.all.min.d.ts (deflated 76%)
updating: node_modules/uri-js/dist/es5/uri.all.min.js (deflated 62%)
updating: node_modules/uri-js/dist/es5/uri.all.min.js.map (deflated 71%)
updating: node_modules/uri-js/dist/es5/uri.all.js (deflated 74%)
updating: node_modules/uri-js/dist/es5/uri.all.d.ts (deflated 76%)
updating: node_modules/uri-js/dist/esnext/ (stored 0%)
updating: node_modules/uri-js/dist/esnext/schemes/ (stored 0%)
updating: node_modules/uri-js/dist/esnext/schemes/urn.js (deflated 66%)
updating: node_modules/uri-js/dist/esnext/schemes/urn-uuid.js (deflated 58%)
updating: node_modules/uri-js/dist/esnext/schemes/urn.js.map (deflated 72%)
updating: node_modules/uri-js/dist/esnext/schemes/mailto.d.ts (deflated 47%)
updating: node_modules/uri-js/dist/esnext/schemes/urn.d.ts (deflated 50%)
updating: node_modules/uri-js/dist/esnext/schemes/mailto.js.map (deflated 79%)
updating: node_modules/uri-js/dist/esnext/schemes/https.js (deflated 33%)
updating: node_modules/uri-js/dist/esnext/schemes/http.d.ts (deflated 26%)
updating: node_modules/uri-js/dist/esnext/schemes/http.js.map (deflated 58%)
updating: node_modules/uri-js/dist/esnext/schemes/urn-uuid.d.ts (deflated 43%)
updating: node_modules/uri-js/dist/esnext/schemes/https.d.ts (deflated 26%)
updating: node_modules/uri-js/dist/esnext/schemes/https.js.map (deflated 40%)
updating: node_modules/uri-js/dist/esnext/schemes/urn-uuid.js.map (deflated 58%)
updating: node_modules/uri-js/dist/esnext/schemes/mailto.js (deflated 71%)
updating: node_modules/uri-js/dist/esnext/schemes/http.js (deflated 56%)
updating: node_modules/uri-js/dist/esnext/util.js (deflated 57%)
updating: node_modules/uri-js/dist/esnext/regexps-iri.js.map (deflated 29%)
updating: node_modules/uri-js/dist/esnext/util.js.map (deflated 73%)
updating: node_modules/uri-js/dist/esnext/uri.d.ts (deflated 76%)
updating: node_modules/uri-js/dist/esnext/index.js (deflated 59%)
updating: node_modules/uri-js/dist/esnext/regexps-uri.js (deflated 78%)
updating: node_modules/uri-js/dist/esnext/regexps-uri.js.map (deflated 86%)
updating: node_modules/uri-js/dist/esnext/index.js.map (deflated 61%)
updating: node_modules/uri-js/dist/esnext/regexps-uri.d.ts (deflated 30%)
updating: node_modules/uri-js/dist/esnext/regexps-iri.js (deflated 16%)
updating: node_modules/uri-js/dist/esnext/util.d.ts (deflated 58%)
updating: node_modules/uri-js/dist/esnext/index.d.ts (stored 0%)
updating: node_modules/uri-js/dist/esnext/regexps-iri.d.ts (deflated 24%)
updating: node_modules/uri-js/dist/esnext/uri.js.map (deflated 83%)
updating: node_modules/uri-js/dist/esnext/uri.js (deflated 75%)
updating: node_modules/uri-js/tests/ (stored 0%)
updating: node_modules/uri-js/tests/qunit.css (deflated 77%)
updating: node_modules/uri-js/tests/qunit.js (deflated 71%)
updating: node_modules/uri-js/tests/test-es5.html (deflated 51%)
updating: node_modules/uri-js/tests/tests.js (deflated 87%)
updating: node_modules/uri-js/tests/test-es5-min.html (deflated 50%)
updating: node_modules/uri-js/bower.json (deflated 49%)
updating: node_modules/uri-js/README.md (deflated 58%)
updating: node_modules/uri-js/rollup.config.js (deflated 42%)
updating: node_modules/uri-js/yarn.lock (deflated 74%)
updating: node_modules/uri-js/package.json (deflated 58%)
updating: node_modules/uri-js/tsconfig.json (deflated 54%)
updating: node_modules/uri-js/src/ (stored 0%)
updating: node_modules/uri-js/src/schemes/ (stored 0%)
updating: node_modules/uri-js/src/schemes/mailto.ts (deflated 68%)
updating: node_modules/uri-js/src/schemes/http.ts (deflated 55%)
updating: node_modules/uri-js/src/schemes/urn.ts (deflated 64%)
updating: node_modules/uri-js/src/schemes/urn-uuid.ts (deflated 59%)
updating: node_modules/uri-js/src/schemes/https.ts (deflated 40%)
updating: node_modules/uri-js/src/punycode.d.ts (deflated 62%)
updating: node_modules/uri-js/src/uri.ts (deflated 73%)
updating: node_modules/uri-js/src/regexps-iri.ts (deflated 30%)
updating: node_modules/uri-js/src/util.ts (deflated 54%)
updating: node_modules/uri-js/src/index.ts (deflated 62%)
updating: node_modules/uri-js/src/regexps-uri.ts (deflated 78%)
updating: node_modules/ecc-jsbn/ (stored 0%)
updating: node_modules/ecc-jsbn/test.js (deflated 74%)
updating: node_modules/ecc-jsbn/LICENSE (deflated 41%)
updating: node_modules/ecc-jsbn/index.js (deflated 61%)
updating: node_modules/ecc-jsbn/README.md (deflated 39%)
updating: node_modules/ecc-jsbn/package.json (deflated 58%)
updating: node_modules/ecc-jsbn/lib/ (stored 0%)
updating: node_modules/ecc-jsbn/lib/ec.js (deflated 76%)
updating: node_modules/ecc-jsbn/lib/LICENSE-jsbn (deflated 46%)
updating: node_modules/ecc-jsbn/lib/sec.js (deflated 71%)
updating: node_modules/form-data/ (stored 0%)
updating: node_modules/form-data/License (deflated 41%)
updating: node_modules/form-data/README.md (deflated 64%)
updating: node_modules/form-data/yarn.lock (deflated 72%)
updating: node_modules/form-data/README.md.bak (deflated 64%)
updating: node_modules/form-data/package.json (deflated 58%)
updating: node_modules/form-data/lib/ (stored 0%)
updating: node_modules/form-data/lib/populate.js (deflated 23%)
updating: node_modules/form-data/lib/form_data.js (deflated 68%)
updating: node_modules/form-data/lib/browser.js (deflated 12%)
updating: node_modules/sshpk/ (stored 0%)
updating: node_modules/sshpk/.npmignore (deflated 11%)
updating: node_modules/sshpk/man/ (stored 0%)
updating: node_modules/sshpk/man/man1/ (stored 0%)
updating: node_modules/sshpk/man/man1/sshpk-sign.1 (deflated 54%)
updating: node_modules/sshpk/man/man1/sshpk-conv.1 (deflated 53%)
updating: node_modules/sshpk/man/man1/sshpk-verify.1 (deflated 51%)
updating: node_modules/sshpk/LICENSE (deflated 42%)
updating: node_modules/sshpk/bin/ (stored 0%)
updating: node_modules/sshpk/bin/sshpk-conv (deflated 65%)
updating: node_modules/sshpk/bin/sshpk-verify (deflated 67%)
updating: node_modules/sshpk/bin/sshpk-sign (deflated 66%)
updating: node_modules/sshpk/README.md (deflated 71%)
updating: node_modules/sshpk/package.json (deflated 60%)
updating: node_modules/sshpk/lib/ (stored 0%)
updating: node_modules/sshpk/lib/key.js (deflated 69%)
updating: node_modules/sshpk/lib/dhe.js (deflated 73%)
updating: node_modules/sshpk/lib/fingerprint.js (deflated 69%)
updating: node_modules/sshpk/lib/formats/ (stored 0%)
updating: node_modules/sshpk/lib/formats/ssh-private.js (deflated 70%)
updating: node_modules/sshpk/lib/formats/pkcs1.js (deflated 80%)
updating: node_modules/sshpk/lib/formats/openssh-cert.js (deflated 69%)
updating: node_modules/sshpk/lib/formats/putty.js (deflated 59%)
updating: node_modules/sshpk/lib/formats/x509-pem.js (deflated 57%)
updating: node_modules/sshpk/lib/formats/pem.js (deflated 65%)
updating: node_modules/sshpk/lib/formats/x509.js (deflated 72%)
updating: node_modules/sshpk/lib/formats/ssh.js (deflated 57%)
updating: node_modules/sshpk/lib/formats/pkcs8.js (deflated 80%)
updating: node_modules/sshpk/lib/formats/auto.js (deflated 71%)
updating: node_modules/sshpk/lib/formats/dnssec.js (deflated 72%)
updating: node_modules/sshpk/lib/formats/rfc4253.js (deflated 66%)
updating: node_modules/sshpk/lib/ed-compat.js (deflated 67%)
updating: node_modules/sshpk/lib/ssh-buffer.js (deflated 75%)
updating: node_modules/sshpk/lib/certificate.js (deflated 77%)
updating: node_modules/sshpk/lib/index.js (deflated 68%)
updating: node_modules/sshpk/lib/signature.js (deflated 72%)
updating: node_modules/sshpk/lib/errors.js (deflated 75%)
updating: node_modules/sshpk/lib/algs.js (deflated 68%)
updating: node_modules/sshpk/lib/private-key.js (deflated 69%)
updating: node_modules/sshpk/lib/identity.js (deflated 70%)
updating: node_modules/sshpk/lib/utils.js (deflated 70%)
updating: node_modules/sshpk/.travis.yml (deflated 25%)
updating: node_modules/delayed-stream/ (stored 0%)
updating: node_modules/delayed-stream/.npmignore (stored 0%)
updating: node_modules/delayed-stream/License (deflated 41%)
updating: node_modules/delayed-stream/Makefile (deflated 5%)
updating: node_modules/delayed-stream/Readme.md (deflated 60%)
updating: node_modules/delayed-stream/package.json (deflated 58%)
updating: node_modules/delayed-stream/lib/ (stored 0%)
updating: node_modules/delayed-stream/lib/delayed_stream.js (deflated 69%)
updating: node_modules/request/ (stored 0%)
updating: node_modules/request/LICENSE (deflated 64%)
updating: node_modules/request/CHANGELOG.md (deflated 74%)
updating: node_modules/request/request.js (deflated 74%)
updating: node_modules/request/index.js (deflated 65%)
updating: node_modules/request/README.md (deflated 68%)
updating: node_modules/request/package.json (deflated 58%)
updating: node_modules/request/lib/ (stored 0%)
updating: node_modules/request/lib/hawk.js (deflated 63%)
updating: node_modules/request/lib/redirect.js (deflated 69%)
updating: node_modules/request/lib/tunnel.js (deflated 71%)
updating: node_modules/request/lib/getProxyFromURI.js (deflated 61%)
updating: node_modules/request/lib/auth.js (deflated 66%)
updating: node_modules/request/lib/cookies.js (deflated 60%)
updating: node_modules/request/lib/multipart.js (deflated 68%)
updating: node_modules/request/lib/querystring.js (deflated 70%)
updating: node_modules/request/lib/oauth.js (deflated 66%)
updating: node_modules/request/lib/har.js (deflated 70%)
updating: node_modules/request/lib/helpers.js (deflated 58%)
updating: node_modules/asynckit/ (stored 0%)
updating: node_modules/asynckit/stream.js (deflated 69%)
updating: node_modules/asynckit/LICENSE (deflated 41%)
updating: node_modules/asynckit/index.js (deflated 45%)
updating: node_modules/asynckit/README.md (deflated 71%)
updating: node_modules/asynckit/parallel.js (deflated 56%)
updating: node_modules/asynckit/serialOrdered.js (deflated 64%)
updating: node_modules/asynckit/package.json (deflated 60%)
updating: node_modules/asynckit/lib/ (stored 0%)
updating: node_modules/asynckit/lib/abort.js (deflated 44%)
updating: node_modules/asynckit/lib/terminator.js (deflated 41%)
updating: node_modules/asynckit/lib/iterate.js (deflated 59%)
updating: node_modules/asynckit/lib/readable_serial_ordered.js (deflated 57%)
updating: node_modules/asynckit/lib/readable_parallel.js (deflated 50%)
updating: node_modules/asynckit/lib/streamify.js (deflated 69%)
updating: node_modules/asynckit/lib/readable_asynckit.js (deflated 55%)
updating: node_modules/asynckit/lib/async.js (deflated 51%)
updating: node_modules/asynckit/lib/state.js (deflated 54%)
updating: node_modules/asynckit/lib/readable_serial.js (deflated 49%)
updating: node_modules/asynckit/lib/defer.js (deflated 46%)
updating: node_modules/asynckit/bench.js (deflated 62%)
updating: node_modules/asynckit/serial.js (deflated 48%)
updating: node_modules/tweetnacl/ (stored 0%)
updating: node_modules/tweetnacl/.npmignore (stored 0%)
updating: node_modules/tweetnacl/AUTHORS.md (deflated 52%)
updating: node_modules/tweetnacl/nacl.d.ts (deflated 81%)
updating: node_modules/tweetnacl/LICENSE (deflated 43%)
updating: node_modules/tweetnacl/CHANGELOG.md (deflated 56%)
updating: node_modules/tweetnacl/PULL_REQUEST_TEMPLATE.md (deflated 50%)
updating: node_modules/tweetnacl/nacl-fast.js (deflated 78%)
updating: node_modules/tweetnacl/README.md (deflated 66%)
updating: node_modules/tweetnacl/package.json (deflated 60%)
updating: node_modules/tweetnacl/nacl.js (deflated 73%)
updating: node_modules/tweetnacl/nacl.min.js (deflated 64%)
updating: node_modules/tweetnacl/nacl-fast.min.js (deflated 67%)
updating: node_modules/burrowClockSkill-lib/ (stored 0%)
updating: node_modules/burrowClockSkill-lib/mocha.opts (stored 0%)
updating: node_modules/burrowClockSkill-lib/logger.js (deflated 51%)
updating: node_modules/burrowClockSkill-lib/.eslintrc (deflated 47%)
updating: node_modules/burrowClockSkill-lib/node_modules/ (stored 0%)
updating: node_modules/burrowClockSkill-lib/node_modules/fast-safe-stringify/ (stored 0%)
updating: node_modules/burrowClockSkill-lib/node_modules/fast-safe-stringify/test.js (deflated 82%)
updating: node_modules/burrowClockSkill-lib/node_modules/fast-safe-stringify/LICENSE (deflated 44%)
updating: node_modules/burrowClockSkill-lib/node_modules/fast-safe-stringify/CHANGELOG.md (deflated 34%)
updating: node_modules/burrowClockSkill-lib/node_modules/fast-safe-stringify/test-stable.js (deflated 81%)
updating: node_modules/burrowClockSkill-lib/node_modules/fast-safe-stringify/index.js (deflated 77%)
updating: node_modules/burrowClockSkill-lib/node_modules/fast-safe-stringify/benchmark.js (deflated 81%)
updating: node_modules/burrowClockSkill-lib/node_modules/fast-safe-stringify/readme.md (deflated 65%)
updating: node_modules/burrowClockSkill-lib/node_modules/fast-safe-stringify/package.json (deflated 59%)
updating: node_modules/burrowClockSkill-lib/node_modules/fast-safe-stringify/index.d.ts (deflated 67%)
updating: node_modules/burrowClockSkill-lib/node_modules/fast-safe-stringify/.travis.yml (deflated 23%)
updating: node_modules/burrowClockSkill-lib/node_modules/pino-std-serializers/ (stored 0%)
updating: node_modules/burrowClockSkill-lib/node_modules/pino-std-serializers/LICENSE (deflated 42%)
updating: node_modules/burrowClockSkill-lib/node_modules/pino-std-serializers/test/ (stored 0%)
updating: node_modules/burrowClockSkill-lib/node_modules/pino-std-serializers/test/req.test.js (deflated 87%)
updating: node_modules/burrowClockSkill-lib/node_modules/pino-std-serializers/test/err.test.js (deflated 78%)
updating: node_modules/burrowClockSkill-lib/node_modules/pino-std-serializers/test/res.test.js (deflated 76%)
updating: node_modules/burrowClockSkill-lib/node_modules/pino-std-serializers/index.js (deflated 76%)
updating: node_modules/burrowClockSkill-lib/node_modules/pino-std-serializers/.editorconfig (deflated 35%)
updating: node_modules/burrowClockSkill-lib/node_modules/pino-std-serializers/Readme.md (deflated 70%)
updating: node_modules/burrowClockSkill-lib/node_modules/pino-std-serializers/package.json (deflated 57%)
updating: node_modules/burrowClockSkill-lib/node_modules/pino-std-serializers/lib/ (stored 0%)
updating: node_modules/burrowClockSkill-lib/node_modules/pino-std-serializers/lib/res.js (deflated 58%)
updating: node_modules/burrowClockSkill-lib/node_modules/pino-std-serializers/lib/req.js (deflated 66%)
updating: node_modules/burrowClockSkill-lib/node_modules/pino-std-serializers/lib/err.js (deflated 61%)
updating: node_modules/burrowClockSkill-lib/node_modules/pino-std-serializers/.travis.yml (deflated 39%)
updating: node_modules/burrowClockSkill-lib/node_modules/pino/ (stored 0%)
updating: node_modules/burrowClockSkill-lib/node_modules/pino/LICENSE (deflated 41%)
updating: node_modules/burrowClockSkill-lib/node_modules/pino/test/ (stored 0%)
updating: node_modules/burrowClockSkill-lib/node_modules/pino/test/redact.test.js (deflated 90%)
updating: node_modules/burrowClockSkill-lib/node_modules/pino/test/escaping.test.js (deflated 62%)
updating: node_modules/burrowClockSkill-lib/node_modules/pino/test/serializers.test.js (deflated 82%)
updating: node_modules/burrowClockSkill-lib/node_modules/pino/test/browser-serializers.test.js (deflated 84%)
updating: node_modules/burrowClockSkill-lib/node_modules/pino/test/final.test.js (deflated 80%)
updating: node_modules/burrowClockSkill-lib/node_modules/pino/test/is-level-enabled.test.js (deflated 77%)
updating: node_modules/burrowClockSkill-lib/node_modules/pino/test/broken-pipe.test.js (deflated 52%)
updating: node_modules/burrowClockSkill-lib/node_modules/pino/test/error.test.js (deflated 80%)
updating: node_modules/burrowClockSkill-lib/node_modules/pino/test/basic.test.js (deflated 82%)
updating: node_modules/burrowClockSkill-lib/node_modules/pino/test/metadata.test.js (deflated 81%)
updating: node_modules/burrowClockSkill-lib/node_modules/pino/test/extreme.test.js (deflated 72%)
updating: node_modules/burrowClockSkill-lib/node_modules/pino/test/levels.test.js (deflated 82%)
updating: node_modules/burrowClockSkill-lib/node_modules/pino/test/crlf.test.js (deflated 56%)
updating: node_modules/burrowClockSkill-lib/node_modules/pino/test/browser.test.js (deflated 80%)
updating: node_modules/burrowClockSkill-lib/node_modules/pino/test/exit.test.js (deflated 70%)
updating: node_modules/burrowClockSkill-lib/node_modules/pino/test/http.test.js (deflated 87%)
updating: node_modules/burrowClockSkill-lib/node_modules/pino/test/pretty.test.js (deflated 82%)
updating: node_modules/burrowClockSkill-lib/node_modules/pino/test/browser-levels.test.js (deflated 81%)
updating: node_modules/burrowClockSkill-lib/node_modules/pino/test/fixtures/ (stored 0%)
updating: node_modules/burrowClockSkill-lib/node_modules/pino/test/fixtures/extreme-child.js (deflated 34%)
updating: node_modules/burrowClockSkill-lib/node_modules/pino/test/fixtures/extreme-flush-exit.js (deflated 34%)
updating: node_modules/burrowClockSkill-lib/node_modules/pino/test/fixtures/extreme.js (deflated 34%)
updating: node_modules/burrowClockSkill-lib/node_modules/pino/test/fixtures/extreme-exit.js (deflated 35%)
updating: node_modules/burrowClockSkill-lib/node_modules/pino/test/fixtures/stdout-hack-protection.js (deflated 38%)
updating: node_modules/burrowClockSkill-lib/node_modules/pino/test/fixtures/destination-exit.js (deflated 34%)
updating: node_modules/burrowClockSkill-lib/node_modules/pino/test/fixtures/broken-pipe/ (stored 0%)
updating: node_modules/burrowClockSkill-lib/node_modules/pino/test/fixtures/broken-pipe/extreme.js (deflated 31%)
updating: node_modules/burrowClockSkill-lib/node_modules/pino/test/fixtures/broken-pipe/destination.js (deflated 30%)
updating: node_modules/burrowClockSkill-lib/node_modules/pino/test/fixtures/broken-pipe/basic.js (deflated 28%)
updating: node_modules/burrowClockSkill-lib/node_modules/pino/test/fixtures/pretty/ (stored 0%)
updating: node_modules/burrowClockSkill-lib/node_modules/pino/test/fixtures/pretty/serializers.js (deflated 37%)
updating: node_modules/burrowClockSkill-lib/node_modules/pino/test/fixtures/pretty/level-first.js (deflated 29%)
updating: node_modules/burrowClockSkill-lib/node_modules/pino/test/fixtures/pretty/custom-time.js (deflated 29%)
updating: node_modules/burrowClockSkill-lib/node_modules/pino/test/fixtures/pretty/pretty-factory.js (deflated 32%)
updating: node_modules/burrowClockSkill-lib/node_modules/pino/test/fixtures/pretty/final.js (deflated 35%)
updating: node_modules/burrowClockSkill-lib/node_modules/pino/test/fixtures/pretty/error.js (deflated 36%)
updating: node_modules/burrowClockSkill-lib/node_modules/pino/test/fixtures/pretty/dateformat.js (deflated 30%)
updating: node_modules/burrowClockSkill-lib/node_modules/pino/test/fixtures/pretty/skipped-output.js (deflated 38%)
updating: node_modules/burrowClockSkill-lib/node_modules/pino/test/fixtures/pretty/error-props.js (deflated 33%)
updating: node_modules/burrowClockSkill-lib/node_modules/pino/test/fixtures/pretty/final-no-log-before.js (deflated 34%)
updating: node_modules/burrowClockSkill-lib/node_modules/pino/test/fixtures/pretty/basic.js (deflated 29%)
updating: node_modules/burrowClockSkill-lib/node_modules/pino/test/fixtures/pretty/final-return.js (deflated 31%)
updating: node_modules/burrowClockSkill-lib/node_modules/pino/test/fixtures/pretty/child.js (deflated 34%)
updating: node_modules/burrowClockSkill-lib/node_modules/pino/test/fixtures/pretty/no-time.js (deflated 29%)
updating: node_modules/burrowClockSkill-lib/node_modules/pino/test/fixtures/pretty/redact.js (deflated 30%)
updating: node_modules/burrowClockSkill-lib/node_modules/pino/test/timestamp.test.js (deflated 80%)
updating: node_modules/burrowClockSkill-lib/node_modules/pino/test/custom-levels.test.js (deflated 82%)
updating: node_modules/burrowClockSkill-lib/node_modules/pino/test/browser-transmit.test.js (deflated 83%)
updating: node_modules/burrowClockSkill-lib/node_modules/pino/test/stdout-protection.test.js (deflated 43%)
updating: node_modules/burrowClockSkill-lib/node_modules/pino/test/helper.js (deflated 56%)
updating: node_modules/burrowClockSkill-lib/node_modules/pino/pino.js (deflated 67%)
updating: node_modules/burrowClockSkill-lib/node_modules/pino/bin.js (deflated 22%)
updating: node_modules/burrowClockSkill-lib/node_modules/pino/docs/ (stored 0%)
updating: node_modules/burrowClockSkill-lib/node_modules/pino/docs/child-loggers.md (deflated 53%)
updating: node_modules/burrowClockSkill-lib/node_modules/pino/docs/pretty.md (deflated 55%)
updating: node_modules/burrowClockSkill-lib/node_modules/pino/docs/api.md (deflated 70%)
updating: node_modules/burrowClockSkill-lib/node_modules/pino/docs/browser.md (deflated 63%)
updating: node_modules/burrowClockSkill-lib/node_modules/pino/docs/benchmarks.md (deflated 61%)
updating: node_modules/burrowClockSkill-lib/node_modules/pino/docs/transports.md (deflated 61%)
updating: node_modules/burrowClockSkill-lib/node_modules/pino/docs/ecosystem.md (deflated 68%)
updating: node_modules/burrowClockSkill-lib/node_modules/pino/docs/help.md (deflated 58%)
updating: node_modules/burrowClockSkill-lib/node_modules/pino/docs/legacy.md (deflated 64%)
updating: node_modules/burrowClockSkill-lib/node_modules/pino/docs/extreme.md (deflated 56%)
updating: node_modules/burrowClockSkill-lib/node_modules/pino/docs/redaction.md (deflated 65%)
updating: node_modules/burrowClockSkill-lib/node_modules/pino/docs/web.md (deflated 63%)
updating: node_modules/burrowClockSkill-lib/node_modules/pino/README.md (deflated 56%)
updating: node_modules/burrowClockSkill-lib/node_modules/pino/package.json (deflated 62%)
updating: node_modules/burrowClockSkill-lib/node_modules/pino/lib/ (stored 0%)
updating: node_modules/burrowClockSkill-lib/node_modules/pino/lib/tools.js (deflated 68%)
updating: node_modules/burrowClockSkill-lib/node_modules/pino/lib/redaction.js (deflated 55%)
updating: node_modules/burrowClockSkill-lib/node_modules/pino/lib/time.js (deflated 38%)
updating: node_modules/burrowClockSkill-lib/node_modules/pino/lib/levels.js (deflated 70%)
updating: node_modules/burrowClockSkill-lib/node_modules/pino/lib/meta.js (deflated 19%)
updating: node_modules/burrowClockSkill-lib/node_modules/pino/lib/proto.js (deflated 66%)
updating: node_modules/burrowClockSkill-lib/node_modules/pino/lib/symbols.js (deflated 71%)
updating: node_modules/burrowClockSkill-lib/node_modules/pino/example.js (deflated 61%)
updating: node_modules/burrowClockSkill-lib/node_modules/pino/browser.js (deflated 70%)
updating: node_modules/burrowClockSkill-lib/node_modules/.bin/ (stored 0%)
updating: node_modules/burrowClockSkill-lib/node_modules/.bin/pino (deflated 22%)
updating: node_modules/burrowClockSkill-lib/node_modules/.bin/pino-pretty (deflated 55%)
updating: node_modules/burrowClockSkill-lib/node_modules/escape-string-regexp/ (stored 0%)
updating: node_modules/burrowClockSkill-lib/node_modules/escape-string-regexp/license (deflated 42%)
updating: node_modules/burrowClockSkill-lib/node_modules/escape-string-regexp/index.js (deflated 23%)
updating: node_modules/burrowClockSkill-lib/node_modules/escape-string-regexp/readme.md (deflated 49%)
updating: node_modules/burrowClockSkill-lib/node_modules/escape-string-regexp/package.json (deflated 62%)
updating: node_modules/burrowClockSkill-lib/node_modules/fast-redact/ (stored 0%)
updating: node_modules/burrowClockSkill-lib/node_modules/fast-redact/benchmark/ (stored 0%)
updating: node_modules/burrowClockSkill-lib/node_modules/fast-redact/benchmark/index.js (deflated 85%)
updating: node_modules/burrowClockSkill-lib/node_modules/fast-redact/LICENSE (deflated 41%)
updating: node_modules/burrowClockSkill-lib/node_modules/fast-redact/test/ (stored 0%)
updating: node_modules/burrowClockSkill-lib/node_modules/fast-redact/test/index.js (deflated 87%)
updating: node_modules/burrowClockSkill-lib/node_modules/fast-redact/example/ (stored 0%)
updating: node_modules/burrowClockSkill-lib/node_modules/fast-redact/example/serialize-function.js (deflated 22%)
updating: node_modules/burrowClockSkill-lib/node_modules/fast-redact/example/intermediate-wildcard-array.js (deflated 40%)
updating: node_modules/burrowClockSkill-lib/node_modules/fast-redact/example/top-wildcard-object.js (deflated 40%)
updating: node_modules/burrowClockSkill-lib/node_modules/fast-redact/example/default-usage.js (deflated 38%)
updating: node_modules/burrowClockSkill-lib/node_modules/fast-redact/example/serialize-false.js (deflated 41%)
updating: node_modules/burrowClockSkill-lib/node_modules/fast-redact/index.js (deflated 60%)
updating: node_modules/burrowClockSkill-lib/node_modules/fast-redact/readme.md (deflated 65%)
updating: node_modules/burrowClockSkill-lib/node_modules/fast-redact/package.json (deflated 57%)
updating: node_modules/burrowClockSkill-lib/node_modules/fast-redact/lib/ (stored 0%)
updating: node_modules/burrowClockSkill-lib/node_modules/fast-redact/lib/redactor.js (deflated 62%)
updating: node_modules/burrowClockSkill-lib/node_modules/fast-redact/lib/validator.js (deflated 53%)
updating: node_modules/burrowClockSkill-lib/node_modules/fast-redact/lib/restorer.js (deflated 58%)
updating: node_modules/burrowClockSkill-lib/node_modules/fast-redact/lib/parse.js (deflated 52%)
updating: node_modules/burrowClockSkill-lib/node_modules/fast-redact/lib/rx.js (deflated 9%)
updating: node_modules/burrowClockSkill-lib/node_modules/fast-redact/lib/modifiers.js (deflated 67%)
updating: node_modules/burrowClockSkill-lib/node_modules/fast-redact/lib/state.js (deflated 51%)
updating: node_modules/burrowClockSkill-lib/node_modules/fast-redact/.travis.yml (deflated 22%)
updating: node_modules/burrowClockSkill-lib/node_modules/once/ (stored 0%)
updating: node_modules/burrowClockSkill-lib/node_modules/once/LICENSE (deflated 38%)
updating: node_modules/burrowClockSkill-lib/node_modules/once/README.md (deflated 58%)
updating: node_modules/burrowClockSkill-lib/node_modules/once/package.json (deflated 55%)
updating: node_modules/burrowClockSkill-lib/node_modules/once/once.js (deflated 64%)
updating: node_modules/burrowClockSkill-lib/node_modules/string_decoder/ (stored 0%)
updating: node_modules/burrowClockSkill-lib/node_modules/string_decoder/LICENSE (deflated 68%)
updating: node_modules/burrowClockSkill-lib/node_modules/string_decoder/README.md (deflated 57%)
updating: node_modules/burrowClockSkill-lib/node_modules/string_decoder/package.json (deflated 56%)
updating: node_modules/burrowClockSkill-lib/node_modules/string_decoder/lib/ (stored 0%)
updating: node_modules/burrowClockSkill-lib/node_modules/string_decoder/lib/string_decoder.js (deflated 67%)
updating: node_modules/burrowClockSkill-lib/node_modules/sonic-boom/ (stored 0%)
updating: node_modules/burrowClockSkill-lib/node_modules/sonic-boom/test.js (deflated 85%)
updating: node_modules/burrowClockSkill-lib/node_modules/sonic-boom/LICENSE (deflated 41%)
updating: node_modules/burrowClockSkill-lib/node_modules/sonic-boom/index.js (deflated 73%)
updating: node_modules/burrowClockSkill-lib/node_modules/sonic-boom/check.js (deflated 40%)
updating: node_modules/burrowClockSkill-lib/node_modules/sonic-boom/README.md (deflated 50%)
updating: node_modules/burrowClockSkill-lib/node_modules/sonic-boom/package.json (deflated 54%)
updating: node_modules/burrowClockSkill-lib/node_modules/sonic-boom/fixtures/ (stored 0%)
updating: node_modules/burrowClockSkill-lib/node_modules/sonic-boom/fixtures/firehose.js (deflated 37%)
updating: node_modules/burrowClockSkill-lib/node_modules/sonic-boom/example.js (deflated 24%)
updating: node_modules/burrowClockSkill-lib/node_modules/sonic-boom/bench.js (deflated 69%)
updating: node_modules/burrowClockSkill-lib/node_modules/sonic-boom/.travis.yml (deflated 25%)
updating: node_modules/burrowClockSkill-lib/node_modules/safe-buffer/ (stored 0%)
updating: node_modules/burrowClockSkill-lib/node_modules/safe-buffer/LICENSE (deflated 41%)
updating: node_modules/burrowClockSkill-lib/node_modules/safe-buffer/index.js (deflated 67%)
updating: node_modules/burrowClockSkill-lib/node_modules/safe-buffer/README.md (deflated 65%)
updating: node_modules/burrowClockSkill-lib/node_modules/safe-buffer/package.json (deflated 55%)
updating: node_modules/burrowClockSkill-lib/node_modules/safe-buffer/index.d.ts (deflated 79%)
updating: node_modules/burrowClockSkill-lib/node_modules/leven/ (stored 0%)
updating: node_modules/burrowClockSkill-lib/node_modules/leven/license (deflated 42%)
updating: node_modules/burrowClockSkill-lib/node_modules/leven/index.js (deflated 59%)
updating: node_modules/burrowClockSkill-lib/node_modules/leven/readme.md (deflated 49%)
updating: node_modules/burrowClockSkill-lib/node_modules/leven/package.json (deflated 59%)
updating: node_modules/burrowClockSkill-lib/node_modules/inherits/ (stored 0%)
updating: node_modules/burrowClockSkill-lib/node_modules/inherits/LICENSE (deflated 38%)
updating: node_modules/burrowClockSkill-lib/node_modules/inherits/inherits_browser.js (deflated 61%)
updating: node_modules/burrowClockSkill-lib/node_modules/inherits/README.md (deflated 51%)
updating: node_modules/burrowClockSkill-lib/node_modules/inherits/package.json (deflated 54%)
updating: node_modules/burrowClockSkill-lib/node_modules/inherits/inherits.js (deflated 39%)
updating: node_modules/burrowClockSkill-lib/node_modules/psl/ (stored 0%)
updating: node_modules/burrowClockSkill-lib/node_modules/psl/LICENSE (deflated 42%)
updating: node_modules/burrowClockSkill-lib/node_modules/psl/dist/ (stored 0%)
updating: node_modules/burrowClockSkill-lib/node_modules/psl/dist/psl.js (deflated 70%)
updating: node_modules/burrowClockSkill-lib/node_modules/psl/dist/psl.min.js (deflated 68%)
updating: node_modules/burrowClockSkill-lib/node_modules/psl/index.js (deflated 65%)
updating: node_modules/burrowClockSkill-lib/node_modules/psl/README.md (deflated 61%)
updating: node_modules/burrowClockSkill-lib/node_modules/psl/package.json (deflated 55%)
updating: node_modules/burrowClockSkill-lib/node_modules/psl/browserstack-logo.svg (deflated 66%)
updating: node_modules/burrowClockSkill-lib/node_modules/psl/data/ (stored 0%)
updating: node_modules/burrowClockSkill-lib/node_modules/psl/data/rules.json (deflated 71%)
updating: node_modules/burrowClockSkill-lib/node_modules/iconv-lite/ (stored 0%)
updating: node_modules/burrowClockSkill-lib/node_modules/iconv-lite/encodings/ (stored 0%)
updating: node_modules/burrowClockSkill-lib/node_modules/iconv-lite/encodings/dbcs-data.js (deflated 64%)
updating: node_modules/burrowClockSkill-lib/node_modules/iconv-lite/encodings/tables/ (stored 0%)
updating: node_modules/burrowClockSkill-lib/node_modules/iconv-lite/encodings/tables/cp949.json (deflated 30%)
updating: node_modules/burrowClockSkill-lib/node_modules/iconv-lite/encodings/tables/shiftjis.json (deflated 31%)
updating: node_modules/burrowClockSkill-lib/node_modules/iconv-lite/encodings/tables/gbk-added.json (deflated 51%)
updating: node_modules/burrowClockSkill-lib/node_modules/iconv-lite/encodings/tables/gb18030-ranges.json (deflated 57%)
updating: node_modules/burrowClockSkill-lib/node_modules/iconv-lite/encodings/tables/cp936.json (deflated 32%)
updating: node_modules/burrowClockSkill-lib/node_modules/iconv-lite/encodings/tables/big5-added.json (deflated 28%)
updating: node_modules/burrowClockSkill-lib/node_modules/iconv-lite/encodings/tables/eucjp.json (deflated 29%)
updating: node_modules/burrowClockSkill-lib/node_modules/iconv-lite/encodings/tables/cp950.json (deflated 29%)
updating: node_modules/burrowClockSkill-lib/node_modules/iconv-lite/encodings/dbcs-codec.js (deflated 73%)
updating: node_modules/burrowClockSkill-lib/node_modules/iconv-lite/encodings/internal.js (deflated 73%)
updating: node_modules/burrowClockSkill-lib/node_modules/iconv-lite/encodings/index.js (deflated 50%)
updating: node_modules/burrowClockSkill-lib/node_modules/iconv-lite/encodings/utf7.js (deflated 78%)
updating: node_modules/burrowClockSkill-lib/node_modules/iconv-lite/encodings/sbcs-data.js (deflated 65%)
updating: node_modules/burrowClockSkill-lib/node_modules/iconv-lite/encodings/sbcs-codec.js (deflated 63%)
updating: node_modules/burrowClockSkill-lib/node_modules/iconv-lite/encodings/utf16.js (deflated 68%)
updating: node_modules/burrowClockSkill-lib/node_modules/iconv-lite/encodings/sbcs-data-generated.js (deflated 75%)
updating: node_modules/burrowClockSkill-lib/node_modules/iconv-lite/LICENSE (deflated 41%)
updating: node_modules/burrowClockSkill-lib/node_modules/iconv-lite/Changelog.md (deflated 54%)
updating: node_modules/burrowClockSkill-lib/node_modules/iconv-lite/README.md (deflated 57%)
updating: node_modules/burrowClockSkill-lib/node_modules/iconv-lite/package.json (deflated 58%)
updating: node_modules/burrowClockSkill-lib/node_modules/iconv-lite/lib/ (stored 0%)
updating: node_modules/burrowClockSkill-lib/node_modules/iconv-lite/lib/index.js (deflated 63%)
updating: node_modules/burrowClockSkill-lib/node_modules/iconv-lite/lib/streams.js (deflated 77%)
updating: node_modules/burrowClockSkill-lib/node_modules/iconv-lite/lib/extend-node.js (deflated 80%)
updating: node_modules/burrowClockSkill-lib/node_modules/iconv-lite/lib/bom-handling.js (deflated 67%)
updating: node_modules/burrowClockSkill-lib/node_modules/iconv-lite/lib/index.d.ts (deflated 64%)
updating: node_modules/burrowClockSkill-lib/node_modules/color-name/ (stored 0%)
updating: node_modules/burrowClockSkill-lib/node_modules/color-name/.npmignore (deflated 53%)
updating: node_modules/burrowClockSkill-lib/node_modules/color-name/test.js (deflated 32%)
updating: node_modules/burrowClockSkill-lib/node_modules/color-name/LICENSE (deflated 42%)
updating: node_modules/burrowClockSkill-lib/node_modules/color-name/index.js (deflated 68%)
updating: node_modules/burrowClockSkill-lib/node_modules/color-name/README.md (deflated 30%)
updating: node_modules/burrowClockSkill-lib/node_modules/color-name/package.json (deflated 56%)
updating: node_modules/burrowClockSkill-lib/node_modules/color-name/.eslintrc.json (deflated 66%)
updating: node_modules/burrowClockSkill-lib/node_modules/pino-pretty/ (stored 0%)
updating: node_modules/burrowClockSkill-lib/node_modules/pino-pretty/LICENSE (deflated 41%)
updating: node_modules/burrowClockSkill-lib/node_modules/pino-pretty/test/ (stored 0%)
updating: node_modules/burrowClockSkill-lib/node_modules/pino-pretty/test/cli.test.js (deflated 71%)
updating: node_modules/burrowClockSkill-lib/node_modules/pino-pretty/test/basic.test.js (deflated 84%)
updating: node_modules/burrowClockSkill-lib/node_modules/pino-pretty/test/crlf.test.js (deflated 51%)
updating: node_modules/burrowClockSkill-lib/node_modules/pino-pretty/test/error-objects.test.js (deflated 80%)
updating: node_modules/burrowClockSkill-lib/node_modules/pino-pretty/bin.js (deflated 55%)
updating: node_modules/burrowClockSkill-lib/node_modules/pino-pretty/index.js (deflated 68%)
updating: node_modules/burrowClockSkill-lib/node_modules/pino-pretty/demo.png (deflated 7%)
updating: node_modules/burrowClockSkill-lib/node_modules/pino-pretty/.editorconfig (deflated 35%)
updating: node_modules/burrowClockSkill-lib/node_modules/pino-pretty/Readme.md (deflated 56%)
updating: node_modules/burrowClockSkill-lib/node_modules/pino-pretty/package.json (deflated 57%)
updating: node_modules/burrowClockSkill-lib/node_modules/pino-pretty/lib/ (stored 0%)
updating: node_modules/burrowClockSkill-lib/node_modules/pino-pretty/lib/constants.js (deflated 2%)
updating: node_modules/burrowClockSkill-lib/node_modules/pino-pretty/.travis.yml (deflated 39%)
updating: node_modules/burrowClockSkill-lib/node_modules/encoding/ (stored 0%)
updating: node_modules/burrowClockSkill-lib/node_modules/encoding/.npmignore (stored 0%)
updating: node_modules/burrowClockSkill-lib/node_modules/encoding/LICENSE (deflated 39%)
updating: node_modules/burrowClockSkill-lib/node_modules/encoding/test/ (stored 0%)
updating: node_modules/burrowClockSkill-lib/node_modules/encoding/test/test.js (deflated 80%)
updating: node_modules/burrowClockSkill-lib/node_modules/encoding/README.md (deflated 49%)
updating: node_modules/burrowClockSkill-lib/node_modules/encoding/package.json (deflated 56%)
updating: node_modules/burrowClockSkill-lib/node_modules/encoding/lib/ (stored 0%)
updating: node_modules/burrowClockSkill-lib/node_modules/encoding/lib/iconv-loader.js (deflated 36%)
updating: node_modules/burrowClockSkill-lib/node_modules/encoding/lib/encoding.js (deflated 70%)
updating: node_modules/burrowClockSkill-lib/node_modules/encoding/.travis.yml (deflated 46%)
updating: node_modules/burrowClockSkill-lib/node_modules/safer-buffer/ (stored 0%)
updating: node_modules/burrowClockSkill-lib/node_modules/safer-buffer/LICENSE (deflated 40%)
updating: node_modules/burrowClockSkill-lib/node_modules/safer-buffer/Porting-Buffer.md (deflated 61%)
updating: node_modules/burrowClockSkill-lib/node_modules/safer-buffer/safer.js (deflated 63%)
updating: node_modules/burrowClockSkill-lib/node_modules/safer-buffer/Readme.md (deflated 58%)
updating: node_modules/burrowClockSkill-lib/node_modules/safer-buffer/tests.js (deflated 86%)
updating: node_modules/burrowClockSkill-lib/node_modules/safer-buffer/package.json (deflated 57%)
updating: node_modules/burrowClockSkill-lib/node_modules/safer-buffer/dangerous.js (deflated 67%)
updating: node_modules/burrowClockSkill-lib/node_modules/end-of-stream/ (stored 0%)
updating: node_modules/burrowClockSkill-lib/node_modules/end-of-stream/LICENSE (deflated 41%)
updating: node_modules/burrowClockSkill-lib/node_modules/end-of-stream/index.js (deflated 72%)
updating: node_modules/burrowClockSkill-lib/node_modules/end-of-stream/README.md (deflated 65%)
updating: node_modules/burrowClockSkill-lib/node_modules/end-of-stream/package.json (deflated 55%)
updating: node_modules/burrowClockSkill-lib/node_modules/split2/ (stored 0%)
updating: node_modules/burrowClockSkill-lib/node_modules/split2/test.js (deflated 82%)
updating: node_modules/burrowClockSkill-lib/node_modules/split2/LICENSE (deflated 37%)
updating: node_modules/burrowClockSkill-lib/node_modules/split2/index.js (deflated 58%)
updating: node_modules/burrowClockSkill-lib/node_modules/split2/README.md (deflated 52%)
updating: node_modules/burrowClockSkill-lib/node_modules/split2/package.json (deflated 55%)
updating: node_modules/burrowClockSkill-lib/node_modules/split2/bench.js (deflated 56%)
updating: node_modules/burrowClockSkill-lib/node_modules/chalk/ (stored 0%)
updating: node_modules/burrowClockSkill-lib/node_modules/chalk/types/ (stored 0%)
updating: node_modules/burrowClockSkill-lib/node_modules/chalk/types/index.d.ts (deflated 72%)
updating: node_modules/burrowClockSkill-lib/node_modules/chalk/license (deflated 43%)
updating: node_modules/burrowClockSkill-lib/node_modules/chalk/index.js (deflated 64%)
updating: node_modules/burrowClockSkill-lib/node_modules/chalk/readme.md (deflated 61%)
updating: node_modules/burrowClockSkill-lib/node_modules/chalk/index.js.flow (deflated 69%)
updating: node_modules/burrowClockSkill-lib/node_modules/chalk/package.json (deflated 56%)
updating: node_modules/burrowClockSkill-lib/node_modules/chalk/templates.js (deflated 60%)
updating: node_modules/burrowClockSkill-lib/node_modules/biskviit/ (stored 0%)
updating: node_modules/burrowClockSkill-lib/node_modules/biskviit/.npmignore (deflated 39%)
updating: node_modules/burrowClockSkill-lib/node_modules/biskviit/Gruntfile.js (deflated 55%)
updating: node_modules/burrowClockSkill-lib/node_modules/biskviit/LICENSE (deflated 41%)
updating: node_modules/burrowClockSkill-lib/node_modules/biskviit/test/ (stored 0%)
updating: node_modules/burrowClockSkill-lib/node_modules/biskviit/test/biskviit-test.js (deflated 88%)
updating: node_modules/burrowClockSkill-lib/node_modules/biskviit/.jshintrc (deflated 58%)
updating: node_modules/burrowClockSkill-lib/node_modules/biskviit/README.md (deflated 59%)
updating: node_modules/burrowClockSkill-lib/node_modules/biskviit/package.json (deflated 56%)
updating: node_modules/burrowClockSkill-lib/node_modules/biskviit/lib/ (stored 0%)
updating: node_modules/burrowClockSkill-lib/node_modules/biskviit/lib/biskviit.js (deflated 71%)
updating: node_modules/burrowClockSkill-lib/node_modules/biskviit/.travis.yml (deflated 26%)
updating: node_modules/burrowClockSkill-lib/node_modules/has-flag/ (stored 0%)
updating: node_modules/burrowClockSkill-lib/node_modules/has-flag/license (deflated 43%)
updating: node_modules/burrowClockSkill-lib/node_modules/has-flag/index.js (deflated 40%)
updating: node_modules/burrowClockSkill-lib/node_modules/has-flag/readme.md (deflated 50%)
updating: node_modules/burrowClockSkill-lib/node_modules/has-flag/package.json (deflated 58%)
updating: node_modules/burrowClockSkill-lib/node_modules/supports-color/ (stored 0%)
updating: node_modules/burrowClockSkill-lib/node_modules/supports-color/license (deflated 43%)
updating: node_modules/burrowClockSkill-lib/node_modules/supports-color/index.js (deflated 59%)
updating: node_modules/burrowClockSkill-lib/node_modules/supports-color/readme.md (deflated 57%)
updating: node_modules/burrowClockSkill-lib/node_modules/supports-color/package.json (deflated 57%)
updating: node_modules/burrowClockSkill-lib/node_modules/supports-color/browser.js (deflated 10%)
updating: node_modules/burrowClockSkill-lib/node_modules/quick-format-unescaped/ (stored 0%)
updating: node_modules/burrowClockSkill-lib/node_modules/quick-format-unescaped/LICENSE (deflated 41%)
updating: node_modules/burrowClockSkill-lib/node_modules/quick-format-unescaped/test/ (stored 0%)
updating: node_modules/burrowClockSkill-lib/node_modules/quick-format-unescaped/test/index.js (deflated 77%)
updating: node_modules/burrowClockSkill-lib/node_modules/quick-format-unescaped/index.js (deflated 70%)
updating: node_modules/burrowClockSkill-lib/node_modules/quick-format-unescaped/benchmark.js (deflated 61%)
updating: node_modules/burrowClockSkill-lib/node_modules/quick-format-unescaped/readme.md (deflated 54%)
updating: node_modules/burrowClockSkill-lib/node_modules/quick-format-unescaped/package.json (deflated 57%)
updating: node_modules/burrowClockSkill-lib/node_modules/quick-format-unescaped/.travis.yml (deflated 22%)
updating: node_modules/burrowClockSkill-lib/node_modules/color-convert/ (stored 0%)
updating: node_modules/burrowClockSkill-lib/node_modules/color-convert/route.js (deflated 60%)
updating: node_modules/burrowClockSkill-lib/node_modules/color-convert/conversions.js (deflated 72%)
updating: node_modules/burrowClockSkill-lib/node_modules/color-convert/LICENSE (deflated 41%)
updating: node_modules/burrowClockSkill-lib/node_modules/color-convert/CHANGELOG.md (deflated 62%)
updating: node_modules/burrowClockSkill-lib/node_modules/color-convert/index.js (deflated 67%)
updating: node_modules/burrowClockSkill-lib/node_modules/color-convert/README.md (deflated 52%)
updating: node_modules/burrowClockSkill-lib/node_modules/color-convert/package.json (deflated 57%)
updating: node_modules/burrowClockSkill-lib/node_modules/util-deprecate/ (stored 0%)
updating: node_modules/burrowClockSkill-lib/node_modules/util-deprecate/LICENSE (deflated 41%)
updating: node_modules/burrowClockSkill-lib/node_modules/util-deprecate/History.md (deflated 40%)
updating: node_modules/burrowClockSkill-lib/node_modules/util-deprecate/README.md (deflated 46%)
updating: node_modules/burrowClockSkill-lib/node_modules/util-deprecate/node.js (deflated 15%)
updating: node_modules/burrowClockSkill-lib/node_modules/util-deprecate/package.json (deflated 56%)
updating: node_modules/burrowClockSkill-lib/node_modules/util-deprecate/browser.js (deflated 59%)
updating: node_modules/burrowClockSkill-lib/node_modules/fetch/ (stored 0%)
updating: node_modules/burrowClockSkill-lib/node_modules/fetch/.npmignore (stored 0%)
updating: node_modules/burrowClockSkill-lib/node_modules/fetch/Gruntfile.js (deflated 53%)
updating: node_modules/burrowClockSkill-lib/node_modules/fetch/LICENSE (deflated 39%)
updating: node_modules/burrowClockSkill-lib/node_modules/fetch/test/ (stored 0%)
updating: node_modules/burrowClockSkill-lib/node_modules/fetch/test/fetch-test.js (deflated 68%)
updating: node_modules/burrowClockSkill-lib/node_modules/fetch/caching.md (deflated 55%)
updating: node_modules/burrowClockSkill-lib/node_modules/fetch/example/ (stored 0%)
updating: node_modules/burrowClockSkill-lib/node_modules/fetch/example/fetchurl.js (deflated 37%)
updating: node_modules/burrowClockSkill-lib/node_modules/fetch/example/pipe.js (deflated 35%)
updating: node_modules/burrowClockSkill-lib/node_modules/fetch/example/fetchstream.js (deflated 53%)
updating: node_modules/burrowClockSkill-lib/node_modules/fetch/README.md (deflated 60%)
updating: node_modules/burrowClockSkill-lib/node_modules/fetch/package.json (deflated 54%)
updating: node_modules/burrowClockSkill-lib/node_modules/fetch/.eslintrc.js (deflated 62%)
updating: node_modules/burrowClockSkill-lib/node_modules/fetch/lib/ (stored 0%)
updating: node_modules/burrowClockSkill-lib/node_modules/fetch/lib/fetch.js (deflated 75%)
updating: node_modules/burrowClockSkill-lib/node_modules/fetch/lib/cookiejar.js (deflated 75%)
updating: node_modules/burrowClockSkill-lib/node_modules/fetch/.travis.yml (deflated 29%)
updating: node_modules/burrowClockSkill-lib/node_modules/ansi-styles/ (stored 0%)
updating: node_modules/burrowClockSkill-lib/node_modules/ansi-styles/license (deflated 43%)
updating: node_modules/burrowClockSkill-lib/node_modules/ansi-styles/index.js (deflated 69%)
updating: node_modules/burrowClockSkill-lib/node_modules/ansi-styles/readme.md (deflated 58%)
updating: node_modules/burrowClockSkill-lib/node_modules/ansi-styles/package.json (deflated 56%)
updating: node_modules/burrowClockSkill-lib/node_modules/pump/ (stored 0%)
updating: node_modules/burrowClockSkill-lib/node_modules/pump/LICENSE (deflated 41%)
updating: node_modules/burrowClockSkill-lib/node_modules/pump/index.js (deflated 63%)
updating: node_modules/burrowClockSkill-lib/node_modules/pump/README.md (deflated 52%)
updating: node_modules/burrowClockSkill-lib/node_modules/pump/package.json (deflated 51%)
updating: node_modules/burrowClockSkill-lib/node_modules/pump/test-node.js (deflated 59%)
updating: node_modules/burrowClockSkill-lib/node_modules/pump/.travis.yml (deflated 7%)
updating: node_modules/burrowClockSkill-lib/node_modules/pump/test-browser.js (deflated 60%)
updating: node_modules/burrowClockSkill-lib/node_modules/fast-json-parse/ (stored 0%)
updating: node_modules/burrowClockSkill-lib/node_modules/fast-json-parse/.npmignore (deflated 40%)
updating: node_modules/burrowClockSkill-lib/node_modules/fast-json-parse/test.js (deflated 72%)
updating: node_modules/burrowClockSkill-lib/node_modules/fast-json-parse/LICENSE (deflated 41%)
updating: node_modules/burrowClockSkill-lib/node_modules/fast-json-parse/benchmark.js (deflated 73%)
updating: node_modules/burrowClockSkill-lib/node_modules/fast-json-parse/README.md (deflated 56%)
updating: node_modules/burrowClockSkill-lib/node_modules/fast-json-parse/parse.js (deflated 40%)
updating: node_modules/burrowClockSkill-lib/node_modules/fast-json-parse/package.json (deflated 56%)
updating: node_modules/burrowClockSkill-lib/node_modules/fast-json-parse/.travis.yml (deflated 34%)
updating: node_modules/burrowClockSkill-lib/node_modules/jmespath/ (stored 0%)
updating: node_modules/burrowClockSkill-lib/node_modules/jmespath/.npmignore (stored 0%)
updating: node_modules/burrowClockSkill-lib/node_modules/jmespath/Gruntfile.js (deflated 51%)
updating: node_modules/burrowClockSkill-lib/node_modules/jmespath/artifacts/ (stored 0%)
updating: node_modules/burrowClockSkill-lib/node_modules/jmespath/artifacts/jmespath.min.js (deflated 69%)
updating: node_modules/burrowClockSkill-lib/node_modules/jmespath/g.sh (deflated 58%)
updating: node_modules/burrowClockSkill-lib/node_modules/jmespath/index.html (deflated 58%)
updating: node_modules/burrowClockSkill-lib/node_modules/jmespath/LICENSE (deflated 36%)
updating: node_modules/burrowClockSkill-lib/node_modules/jmespath/test/ (stored 0%)
updating: node_modules/burrowClockSkill-lib/node_modules/jmespath/test/jmespath.js (deflated 85%)
updating: node_modules/burrowClockSkill-lib/node_modules/jmespath/test/compliance.js (deflated 69%)
updating: node_modules/burrowClockSkill-lib/node_modules/jmespath/test/compliance/ (stored 0%)
updating: node_modules/burrowClockSkill-lib/node_modules/jmespath/test/compliance/boolean.json (deflated 89%)
updating: node_modules/burrowClockSkill-lib/node_modules/jmespath/test/compliance/escape.json (deflated 77%)
updating: node_modules/burrowClockSkill-lib/node_modules/jmespath/test/compliance/wildcard.json (deflated 89%)
updating: node_modules/burrowClockSkill-lib/node_modules/jmespath/test/compliance/literal.json (deflated 84%)
updating: node_modules/burrowClockSkill-lib/node_modules/jmespath/test/compliance/slice.json (deflated 88%)
updating: node_modules/burrowClockSkill-lib/node_modules/jmespath/test/compliance/pipe.json (deflated 84%)
updating: node_modules/burrowClockSkill-lib/node_modules/jmespath/test/compliance/unicode.json (deflated 78%)
updating: node_modules/burrowClockSkill-lib/node_modules/jmespath/test/compliance/indices.json (deflated 88%)
updating: node_modules/burrowClockSkill-lib/node_modules/jmespath/test/compliance/multiselect.json (deflated 87%)
updating: node_modules/burrowClockSkill-lib/node_modules/jmespath/test/compliance/current.json (deflated 74%)
updating: node_modules/burrowClockSkill-lib/node_modules/jmespath/test/compliance/filters.json (deflated 88%)
updating: node_modules/burrowClockSkill-lib/node_modules/jmespath/test/compliance/functions.json (deflated 88%)
updating: node_modules/burrowClockSkill-lib/node_modules/jmespath/test/compliance/syntax.json (deflated 89%)
updating: node_modules/burrowClockSkill-lib/node_modules/jmespath/test/compliance/identifiers.json (deflated 95%)
updating: node_modules/burrowClockSkill-lib/node_modules/jmespath/test/compliance/basic.json (deflated 87%)
updating: node_modules/burrowClockSkill-lib/node_modules/jmespath/jmespath.js (deflated 82%)
updating: node_modules/burrowClockSkill-lib/node_modules/jmespath/perf.js (deflated 56%)
updating: node_modules/burrowClockSkill-lib/node_modules/jmespath/.eslintrc (deflated 34%)
updating: node_modules/burrowClockSkill-lib/node_modules/jmespath/BASELINE (deflated 68%)
updating: node_modules/burrowClockSkill-lib/node_modules/jmespath/bower.json (deflated 45%)
updating: node_modules/burrowClockSkill-lib/node_modules/jmespath/reservedWords.json (deflated 27%)
updating: node_modules/burrowClockSkill-lib/node_modules/jmespath/README.md (deflated 56%)
updating: node_modules/burrowClockSkill-lib/node_modules/jmespath/package.json (deflated 59%)
updating: node_modules/burrowClockSkill-lib/node_modules/jmespath/james.html (deflated 27%)
updating: node_modules/burrowClockSkill-lib/node_modules/jmespath/l.js (deflated 68%)
updating: node_modules/burrowClockSkill-lib/node_modules/jmespath/.travis.yml (deflated 34%)
updating: node_modules/burrowClockSkill-lib/node_modules/jmespath/jp.js (deflated 46%)
updating: node_modules/burrowClockSkill-lib/node_modules/mri/ (stored 0%)
updating: node_modules/burrowClockSkill-lib/node_modules/mri/license.md (deflated 41%)
updating: node_modules/burrowClockSkill-lib/node_modules/mri/readme.md (deflated 60%)
updating: node_modules/burrowClockSkill-lib/node_modules/mri/package.json (deflated 53%)
updating: node_modules/burrowClockSkill-lib/node_modules/mri/lib/ (stored 0%)
updating: node_modules/burrowClockSkill-lib/node_modules/mri/lib/index.js (deflated 63%)
updating: node_modules/burrowClockSkill-lib/node_modules/dateformat/ (stored 0%)
updating: node_modules/burrowClockSkill-lib/node_modules/dateformat/LICENSE (deflated 41%)
updating: node_modules/burrowClockSkill-lib/node_modules/dateformat/Readme.md (deflated 62%)
updating: node_modules/burrowClockSkill-lib/node_modules/dateformat/package.json (deflated 57%)
updating: node_modules/burrowClockSkill-lib/node_modules/dateformat/lib/ (stored 0%)
updating: node_modules/burrowClockSkill-lib/node_modules/dateformat/lib/dateformat.js (deflated 63%)
updating: node_modules/burrowClockSkill-lib/node_modules/args/ (stored 0%)
updating: node_modules/burrowClockSkill-lib/node_modules/args/license.md (deflated 41%)
updating: node_modules/burrowClockSkill-lib/node_modules/args/readme.md (deflated 62%)
updating: node_modules/burrowClockSkill-lib/node_modules/args/package.json (deflated 54%)
updating: node_modules/burrowClockSkill-lib/node_modules/args/lib/ (stored 0%)
updating: node_modules/burrowClockSkill-lib/node_modules/args/lib/options.js (deflated 39%)
updating: node_modules/burrowClockSkill-lib/node_modules/args/lib/option.js (deflated 58%)
updating: node_modules/burrowClockSkill-lib/node_modules/args/lib/index.js (deflated 60%)
updating: node_modules/burrowClockSkill-lib/node_modules/args/lib/version.js (deflated 50%)
updating: node_modules/burrowClockSkill-lib/node_modules/args/lib/command.js (deflated 45%)
updating: node_modules/burrowClockSkill-lib/node_modules/args/lib/help.js (deflated 58%)
updating: node_modules/burrowClockSkill-lib/node_modules/args/lib/parse.js (deflated 66%)
updating: node_modules/burrowClockSkill-lib/node_modules/args/lib/example.js (deflated 38%)
updating: node_modules/burrowClockSkill-lib/node_modules/args/lib/utils.js (deflated 69%)
updating: node_modules/burrowClockSkill-lib/node_modules/args/lib/examples.js (deflated 42%)
updating: node_modules/burrowClockSkill-lib/node_modules/camelcase/ (stored 0%)
updating: node_modules/burrowClockSkill-lib/node_modules/camelcase/license (deflated 43%)
updating: node_modules/burrowClockSkill-lib/node_modules/camelcase/index.js (deflated 66%)
updating: node_modules/burrowClockSkill-lib/node_modules/camelcase/readme.md (deflated 59%)
updating: node_modules/burrowClockSkill-lib/node_modules/camelcase/package.json (deflated 55%)
updating: node_modules/burrowClockSkill-lib/node_modules/wrappy/ (stored 0%)
updating: node_modules/burrowClockSkill-lib/node_modules/wrappy/LICENSE (deflated 38%)
updating: node_modules/burrowClockSkill-lib/node_modules/wrappy/README.md (deflated 47%)
updating: node_modules/burrowClockSkill-lib/node_modules/wrappy/package.json (deflated 54%)
updating: node_modules/burrowClockSkill-lib/node_modules/wrappy/wrappy.js (deflated 52%)
updating: node_modules/burrowClockSkill-lib/node_modules/flatstr/ (stored 0%)
updating: node_modules/burrowClockSkill-lib/node_modules/flatstr/test.js (deflated 57%)
updating: node_modules/burrowClockSkill-lib/node_modules/flatstr/LICENSE (deflated 41%)
updating: node_modules/burrowClockSkill-lib/node_modules/flatstr/alt-benchmark.js (deflated 87%)
updating: node_modules/burrowClockSkill-lib/node_modules/flatstr/index.js (deflated 35%)
updating: node_modules/burrowClockSkill-lib/node_modules/flatstr/benchmark.js (deflated 72%)
updating: node_modules/burrowClockSkill-lib/node_modules/flatstr/readme.md (deflated 54%)
updating: node_modules/burrowClockSkill-lib/node_modules/flatstr/package.json (deflated 53%)
updating: node_modules/burrowClockSkill-lib/node_modules/readable-stream/ (stored 0%)
updating: node_modules/burrowClockSkill-lib/node_modules/readable-stream/readable-browser.js (deflated 64%)
updating: node_modules/burrowClockSkill-lib/node_modules/readable-stream/LICENSE (deflated 68%)
updating: node_modules/burrowClockSkill-lib/node_modules/readable-stream/GOVERNANCE.md (deflated 60%)
updating: node_modules/burrowClockSkill-lib/node_modules/readable-stream/README.md (deflated 59%)
updating: node_modules/burrowClockSkill-lib/node_modules/readable-stream/errors-browser.js (deflated 64%)
updating: node_modules/burrowClockSkill-lib/node_modules/readable-stream/readable.js (deflated 62%)
updating: node_modules/burrowClockSkill-lib/node_modules/readable-stream/package.json (deflated 61%)
updating: node_modules/burrowClockSkill-lib/node_modules/readable-stream/errors.js (deflated 62%)
updating: node_modules/burrowClockSkill-lib/node_modules/readable-stream/CONTRIBUTING.md (deflated 55%)
updating: node_modules/burrowClockSkill-lib/node_modules/readable-stream/lib/ (stored 0%)
updating: node_modules/burrowClockSkill-lib/node_modules/readable-stream/lib/internal/ (stored 0%)
updating: node_modules/burrowClockSkill-lib/node_modules/readable-stream/lib/internal/streams/ (stored 0%)
updating: node_modules/burrowClockSkill-lib/node_modules/readable-stream/lib/internal/streams/stream.js (stored 0%)
updating: node_modules/burrowClockSkill-lib/node_modules/readable-stream/lib/internal/streams/stream-browser.js (deflated 2%)
updating: node_modules/burrowClockSkill-lib/node_modules/readable-stream/lib/internal/streams/from-browser.js (deflated 9%)
updating: node_modules/burrowClockSkill-lib/node_modules/readable-stream/lib/internal/streams/destroy.js (deflated 72%)
updating: node_modules/burrowClockSkill-lib/node_modules/readable-stream/lib/internal/streams/from.js (deflated 65%)
updating: node_modules/burrowClockSkill-lib/node_modules/readable-stream/lib/internal/streams/async_iterator.js (deflated 72%)
updating: node_modules/burrowClockSkill-lib/node_modules/readable-stream/lib/internal/streams/state.js (deflated 52%)
updating: node_modules/burrowClockSkill-lib/node_modules/readable-stream/lib/internal/streams/buffer_list.js (deflated 71%)
updating: node_modules/burrowClockSkill-lib/node_modules/readable-stream/lib/internal/streams/end-of-stream.js (deflated 71%)
updating: node_modules/burrowClockSkill-lib/node_modules/readable-stream/lib/internal/streams/pipeline.js (deflated 62%)
updating: node_modules/burrowClockSkill-lib/node_modules/readable-stream/lib/_stream_passthrough.js (deflated 44%)
updating: node_modules/burrowClockSkill-lib/node_modules/readable-stream/lib/_stream_transform.js (deflated 60%)
updating: node_modules/burrowClockSkill-lib/node_modules/readable-stream/lib/_stream_duplex.js (deflated 62%)
updating: node_modules/burrowClockSkill-lib/node_modules/readable-stream/lib/_stream_readable.js (deflated 70%)
updating: node_modules/burrowClockSkill-lib/node_modules/readable-stream/lib/_stream_writable.js (deflated 69%)
updating: node_modules/burrowClockSkill-lib/node_modules/readable-stream/experimentalWarning.js (deflated 53%)
updating: node_modules/burrowClockSkill-lib/index.js (deflated 52%)
updating: node_modules/burrowClockSkill-lib/package-lock.json (deflated 71%)
updating: node_modules/burrowClockSkill-lib/package.json (deflated 59%)
updating: node_modules/burrowClockSkill-lib/utils.spec.js (deflated 73%)
updating: node_modules/burrowClockSkill-lib/utils.js (deflated 58%)
updating: node_modules/burrowClockSkill-lib/.eslintignore (stored 0%)
updating: node_modules/isstream/ (stored 0%)
updating: node_modules/isstream/.npmignore (stored 0%)
updating: node_modules/isstream/LICENSE.md (deflated 43%)
updating: node_modules/isstream/test.js (deflated 85%)
updating: node_modules/isstream/.jshintrc (deflated 69%)
updating: node_modules/isstream/README.md (deflated 66%)
updating: node_modules/isstream/package.json (deflated 57%)
updating: node_modules/isstream/.travis.yml (deflated 27%)
updating: node_modules/isstream/isstream.js (deflated 65%)
updating: node_modules/json-stringify-safe/ (stored 0%)
updating: node_modules/json-stringify-safe/.npmignore (stored 0%)
updating: node_modules/json-stringify-safe/stringify.js (deflated 60%)
updating: node_modules/json-stringify-safe/LICENSE (deflated 38%)
updating: node_modules/json-stringify-safe/test/ (stored 0%)
updating: node_modules/json-stringify-safe/test/mocha.opts (stored 0%)
updating: node_modules/json-stringify-safe/test/stringify_test.js (deflated 82%)
updating: node_modules/json-stringify-safe/CHANGELOG.md (deflated 45%)
updating: node_modules/json-stringify-safe/Makefile (deflated 56%)
updating: node_modules/json-stringify-safe/README.md (deflated 51%)
updating: node_modules/json-stringify-safe/package.json (deflated 58%)
updating: node_modules/verror/ (stored 0%)
updating: node_modules/verror/.npmignore (deflated 21%)
updating: node_modules/verror/LICENSE (deflated 41%)
updating: node_modules/verror/README.md (deflated 66%)
updating: node_modules/verror/package.json (deflated 54%)
updating: node_modules/verror/CONTRIBUTING.md (deflated 45%)
updating: node_modules/verror/lib/ (stored 0%)
updating: node_modules/verror/lib/verror.js (deflated 68%)
updating: node_modules/verror/CHANGES.md (deflated 37%)
updating: node_modules/uuid/ (stored 0%)
updating: node_modules/uuid/LICENSE.md (deflated 41%)
updating: node_modules/uuid/bin/ (stored 0%)
updating: node_modules/uuid/bin/uuid (deflated 69%)
updating: node_modules/uuid/CHANGELOG.md (deflated 66%)
updating: node_modules/uuid/AUTHORS (deflated 24%)
updating: node_modules/uuid/v4.js (deflated 45%)
updating: node_modules/uuid/v1.js (deflated 57%)
updating: node_modules/uuid/index.js (deflated 33%)
updating: node_modules/uuid/v5.js (deflated 24%)
updating: node_modules/uuid/README.md (deflated 65%)
updating: node_modules/uuid/package.json (deflated 57%)
updating: node_modules/uuid/v3.js (deflated 23%)
updating: node_modules/uuid/lib/ (stored 0%)
updating: node_modules/uuid/lib/sha1.js (deflated 57%)
updating: node_modules/uuid/lib/bytesToUuid.js (deflated 55%)
updating: node_modules/uuid/lib/rng.js (deflated 25%)
updating: node_modules/uuid/lib/sha1-browser.js (deflated 61%)
updating: node_modules/uuid/lib/md5-browser.js (deflated 66%)
updating: node_modules/uuid/lib/v35.js (deflated 53%)
updating: node_modules/uuid/lib/md5.js (deflated 57%)
updating: node_modules/uuid/lib/rng-browser.js (deflated 51%)
updating: node_modules/assert-plus/ (stored 0%)
updating: node_modules/assert-plus/assert.js (deflated 77%)
updating: node_modules/assert-plus/AUTHORS (deflated 28%)
updating: node_modules/assert-plus/README.md (deflated 58%)
updating: node_modules/assert-plus/package.json (deflated 60%)
updating: node_modules/assert-plus/CHANGES.md (deflated 38%)
updating: node_modules/tough-cookie/ (stored 0%)
updating: node_modules/tough-cookie/LICENSE (deflated 49%)
updating: node_modules/tough-cookie/node_modules/ (stored 0%)
updating: node_modules/tough-cookie/node_modules/punycode/ (stored 0%)
updating: node_modules/tough-cookie/node_modules/punycode/punycode.js (deflated 67%)
updating: node_modules/tough-cookie/node_modules/punycode/LICENSE-MIT.txt (deflated 41%)
updating: node_modules/tough-cookie/node_modules/punycode/README.md (deflated 61%)
updating: node_modules/tough-cookie/node_modules/punycode/package.json (deflated 58%)
updating: node_modules/tough-cookie/README.md (deflated 65%)
updating: node_modules/tough-cookie/package.json (deflated 57%)
updating: node_modules/tough-cookie/lib/ (stored 0%)
updating: node_modules/tough-cookie/lib/pathMatch.js (deflated 54%)
updating: node_modules/tough-cookie/lib/store.js (deflated 57%)
updating: node_modules/tough-cookie/lib/pubsuffix-psl.js (deflated 48%)
updating: node_modules/tough-cookie/lib/permuteDomain.js (deflated 49%)
updating: node_modules/tough-cookie/lib/memstore.js (deflated 63%)
updating: node_modules/tough-cookie/lib/cookie.js (deflated 70%)
updating: node_modules/oauth-sign/ (stored 0%)
updating: node_modules/oauth-sign/LICENSE (deflated 64%)
updating: node_modules/oauth-sign/index.js (deflated 64%)
updating: node_modules/oauth-sign/README.md (deflated 20%)
updating: node_modules/oauth-sign/package.json (deflated 54%)
updating: node_modules/dashdash/ (stored 0%)
updating: node_modules/dashdash/etc/ (stored 0%)
updating: node_modules/dashdash/etc/dashdash.bash_completion.in (deflated 71%)
updating: node_modules/dashdash/README.md (deflated 65%)
updating: node_modules/dashdash/package.json (deflated 56%)
updating: node_modules/dashdash/lib/ (stored 0%)
updating: node_modules/dashdash/lib/dashdash.js (deflated 76%)
updating: node_modules/dashdash/CHANGES.md (deflated 60%)
updating: node_modules/dashdash/LICENSE.txt (deflated 43%)
updating: node_modules/ajv/ (stored 0%)
updating: node_modules/ajv/LICENSE (deflated 41%)
updating: node_modules/ajv/dist/ (stored 0%)
updating: node_modules/ajv/dist/ajv.min.js (deflated 76%)
updating: node_modules/ajv/dist/ajv.bundle.js (deflated 82%)
updating: node_modules/ajv/dist/ajv.min.js.map (deflated 70%)
updating: node_modules/ajv/README.md (deflated 71%)
updating: node_modules/ajv/package.json (deflated 61%)
updating: node_modules/ajv/scripts/ (stored 0%)
updating: node_modules/ajv/scripts/.eslintrc.yml (deflated 8%)
updating: node_modules/ajv/scripts/travis-gh-pages (deflated 41%)
updating: node_modules/ajv/scripts/bundle.js (deflated 60%)
updating: node_modules/ajv/scripts/info (deflated 30%)
updating: node_modules/ajv/scripts/compile-dots.js (deflated 58%)
updating: node_modules/ajv/scripts/publish-built-version (deflated 46%)
updating: node_modules/ajv/scripts/prepare-tests (deflated 27%)
updating: node_modules/ajv/lib/ (stored 0%)
updating: node_modules/ajv/lib/dot/ (stored 0%)
updating: node_modules/ajv/lib/dot/coerce.def (deflated 74%)
updating: node_modules/ajv/lib/dot/_limitItems.jst (deflated 39%)
updating: node_modules/ajv/lib/dot/items.jst (deflated 69%)
updating: node_modules/ajv/lib/dot/custom.jst (deflated 71%)
updating: node_modules/ajv/lib/dot/const.jst (deflated 40%)
updating: node_modules/ajv/lib/dot/properties.jst (deflated 77%)
updating: node_modules/ajv/lib/dot/enum.jst (deflated 49%)
updating: node_modules/ajv/lib/dot/oneOf.jst (deflated 61%)
updating: node_modules/ajv/lib/dot/errors.def (deflated 76%)
updating: node_modules/ajv/lib/dot/uniqueItems.jst (deflated 63%)
updating: node_modules/ajv/lib/dot/allOf.jst (deflated 51%)
updating: node_modules/ajv/lib/dot/pattern.jst (deflated 39%)
updating: node_modules/ajv/lib/dot/if.jst (deflated 67%)
updating: node_modules/ajv/lib/dot/_limit.jst (deflated 76%)
updating: node_modules/ajv/lib/dot/propertyNames.jst (deflated 60%)
updating: node_modules/ajv/lib/dot/defaults.def (deflated 66%)
updating: node_modules/ajv/lib/dot/anyOf.jst (deflated 56%)
updating: node_modules/ajv/lib/dot/comment.jst (deflated 42%)
updating: node_modules/ajv/lib/dot/missing.def (deflated 66%)
updating: node_modules/ajv/lib/dot/validate.jst (deflated 72%)
updating: node_modules/ajv/lib/dot/definitions.def (deflated 69%)
updating: node_modules/ajv/lib/dot/multipleOf.jst (deflated 55%)
updating: node_modules/ajv/lib/dot/dependencies.jst (deflated 64%)
updating: node_modules/ajv/lib/dot/required.jst (deflated 71%)
updating: node_modules/ajv/lib/dot/not.jst (deflated 62%)
updating: node_modules/ajv/lib/dot/ref.jst (deflated 67%)
updating: node_modules/ajv/lib/dot/contains.jst (deflated 57%)
updating: node_modules/ajv/lib/dot/_limitLength.jst (deflated 42%)
updating: node_modules/ajv/lib/dot/_limitProperties.jst (deflated 39%)
updating: node_modules/ajv/lib/dot/format.jst (deflated 70%)
updating: node_modules/ajv/lib/ajv.d.ts (deflated 74%)
updating: node_modules/ajv/lib/cache.js (deflated 61%)
updating: node_modules/ajv/lib/compile/ (stored 0%)
updating: node_modules/ajv/lib/compile/util.js (deflated 70%)
updating: node_modules/ajv/lib/compile/rules.js (deflated 61%)
updating: node_modules/ajv/lib/compile/schema_obj.js (deflated 18%)
updating: node_modules/ajv/lib/compile/index.js (deflated 72%)
updating: node_modules/ajv/lib/compile/equal.js (deflated 18%)
updating: node_modules/ajv/lib/compile/resolve.js (deflated 72%)
updating: node_modules/ajv/lib/compile/error_classes.js (deflated 58%)
updating: node_modules/ajv/lib/compile/async.js (deflated 64%)
updating: node_modules/ajv/lib/compile/ucs2length.js (deflated 45%)
updating: node_modules/ajv/lib/compile/formats.js (deflated 77%)
updating: node_modules/ajv/lib/data.js (deflated 55%)
updating: node_modules/ajv/lib/refs/ (stored 0%)
updating: node_modules/ajv/lib/refs/json-schema-secure.json (deflated 74%)
updating: node_modules/ajv/lib/refs/json-schema-draft-04.json (deflated 84%)
updating: node_modules/ajv/lib/refs/data.json (deflated 48%)
updating: node_modules/ajv/lib/refs/json-schema-draft-07.json (deflated 84%)
updating: node_modules/ajv/lib/refs/json-schema-draft-06.json (deflated 84%)
updating: node_modules/ajv/lib/dotjs/ (stored 0%)
updating: node_modules/ajv/lib/dotjs/required.js (deflated 85%)
updating: node_modules/ajv/lib/dotjs/oneOf.js (deflated 66%)
updating: node_modules/ajv/lib/dotjs/_limitLength.js (deflated 66%)
updating: node_modules/ajv/lib/dotjs/multipleOf.js (deflated 67%)
updating: node_modules/ajv/lib/dotjs/_limitItems.js (deflated 66%)
updating: node_modules/ajv/lib/dotjs/pattern.js (deflated 66%)
updating: node_modules/ajv/lib/dotjs/format.js (deflated 74%)
updating: node_modules/ajv/lib/dotjs/_limitProperties.js (deflated 66%)
updating: node_modules/ajv/lib/dotjs/_limit.js (deflated 79%)
updating: node_modules/ajv/lib/dotjs/properties.js (deflated 82%)
updating: node_modules/ajv/lib/dotjs/index.js (deflated 69%)
updating: node_modules/ajv/lib/dotjs/custom.js (deflated 79%)
updating: node_modules/ajv/lib/dotjs/comment.js (deflated 50%)
updating: node_modules/ajv/lib/dotjs/README.md (deflated 28%)
updating: node_modules/ajv/lib/dotjs/allOf.js (deflated 58%)
updating: node_modules/ajv/lib/dotjs/enum.js (deflated 66%)
updating: node_modules/ajv/lib/dotjs/anyOf.js (deflated 65%)
updating: node_modules/ajv/lib/dotjs/if.js (deflated 73%)
updating: node_modules/ajv/lib/dotjs/dependencies.js (deflated 78%)
updating: node_modules/ajv/lib/dotjs/const.js (deflated 64%)
updating: node_modules/ajv/lib/dotjs/items.js (deflated 75%)
updating: node_modules/ajv/lib/dotjs/contains.js (deflated 65%)
updating: node_modules/ajv/lib/dotjs/uniqueItems.js (deflated 66%)
updating: node_modules/ajv/lib/dotjs/not.js (deflated 72%)
updating: node_modules/ajv/lib/dotjs/validate.js (deflated 82%)
updating: node_modules/ajv/lib/dotjs/propertyNames.js (deflated 68%)
updating: node_modules/ajv/lib/dotjs/ref.js (deflated 72%)
updating: node_modules/ajv/lib/keyword.js (deflated 67%)
updating: node_modules/ajv/lib/ajv.js (deflated 72%)
updating: node_modules/ajv/lib/definition_schema.js (deflated 57%)
updating: node_modules/ajv/.tonic_example.js (deflated 42%)
updating: node_modules/tunnel-agent/ (stored 0%)
updating: node_modules/tunnel-agent/LICENSE (deflated 64%)
updating: node_modules/tunnel-agent/index.js (deflated 70%)
updating: node_modules/tunnel-agent/README.md (deflated 17%)
updating: node_modules/tunnel-agent/package.json (deflated 56%)
updating: node_modules/fast-deep-equal/ (stored 0%)
updating: node_modules/fast-deep-equal/LICENSE (deflated 41%)
updating: node_modules/fast-deep-equal/react.js (deflated 59%)
updating: node_modules/fast-deep-equal/index.js (deflated 61%)
updating: node_modules/fast-deep-equal/react.d.ts (deflated 10%)
updating: node_modules/fast-deep-equal/README.md (deflated 59%)
updating: node_modules/fast-deep-equal/package.json (deflated 59%)
updating: node_modules/fast-deep-equal/es6/ (stored 0%)
updating: node_modules/fast-deep-equal/es6/react.js (deflated 66%)
updating: node_modules/fast-deep-equal/es6/index.js (deflated 68%)
updating: node_modules/fast-deep-equal/es6/react.d.ts (deflated 10%)
updating: node_modules/fast-deep-equal/es6/index.d.ts (deflated 10%)
updating: node_modules/fast-deep-equal/index.d.ts (deflated 16%)
updating: node_modules/performance-now/ (stored 0%)
updating: node_modules/performance-now/.npmignore (stored 0%)
updating: node_modules/performance-now/test/ (stored 0%)
updating: node_modules/performance-now/test/mocha.opts (deflated 31%)
updating: node_modules/performance-now/test/performance-now.coffee (deflated 63%)
updating: node_modules/performance-now/test/scripts/ (stored 0%)
updating: node_modules/performance-now/test/scripts/delayed-require.coffee (deflated 31%)
updating: node_modules/performance-now/test/scripts/difference.coffee (deflated 18%)
updating: node_modules/performance-now/test/scripts/initial-value.coffee (deflated 29%)
updating: node_modules/performance-now/test/scripts/delayed-call.coffee (deflated 31%)
updating: node_modules/performance-now/test/scripts.coffee (deflated 74%)
updating: node_modules/performance-now/README.md (deflated 53%)
updating: node_modules/performance-now/package.json (deflated 58%)
updating: node_modules/performance-now/lib/ (stored 0%)
updating: node_modules/performance-now/lib/performance-now.js.map (deflated 61%)
updating: node_modules/performance-now/lib/performance-now.js (deflated 64%)
updating: node_modules/performance-now/license.txt (deflated 42%)
updating: node_modules/performance-now/.tm_properties (deflated 28%)
updating: node_modules/performance-now/.travis.yml (deflated 32%)
updating: node_modules/performance-now/src/ (stored 0%)
updating: node_modules/performance-now/src/performance-now.coffee (deflated 61%)
updating: node_modules/performance-now/src/index.d.ts (deflated 30%)
updating: node_modules/json-schema/ (stored 0%)
updating: node_modules/json-schema/draft-01/ (stored 0%)
updating: node_modules/json-schema/draft-01/schema (deflated 83%)
updating: node_modules/json-schema/draft-01/links (deflated 66%)
updating: node_modules/json-schema/draft-01/hyper-schema (deflated 72%)
updating: node_modules/json-schema/draft-01/json-ref (deflated 54%)
updating: node_modules/json-schema/test/ (stored 0%)
updating: node_modules/json-schema/test/tests.js (deflated 72%)
updating: node_modules/json-schema/draft-00/ (stored 0%)
updating: node_modules/json-schema/draft-00/schema (deflated 83%)
updating: node_modules/json-schema/draft-00/links (deflated 66%)
updating: node_modules/json-schema/draft-00/hyper-schema (deflated 73%)
updating: node_modules/json-schema/draft-00/json-ref (deflated 54%)
updating: node_modules/json-schema/README.md (deflated 41%)
updating: node_modules/json-schema/draft-zyp-json-schema-03.xml (deflated 74%)
updating: node_modules/json-schema/package.json (deflated 58%)
updating: node_modules/json-schema/draft-02/ (stored 0%)
updating: node_modules/json-schema/draft-02/schema (deflated 83%)
updating: node_modules/json-schema/draft-02/links (deflated 68%)
updating: node_modules/json-schema/draft-02/hyper-schema (deflated 72%)
updating: node_modules/json-schema/draft-02/json-ref (deflated 54%)
updating: node_modules/json-schema/draft-03/ (stored 0%)
updating: node_modules/json-schema/draft-03/schema (deflated 82%)
updating: node_modules/json-schema/draft-03/links (deflated 66%)
updating: node_modules/json-schema/draft-03/hyper-schema (deflated 69%)
updating: node_modules/json-schema/draft-03/examples/ (stored 0%)
updating: node_modules/json-schema/draft-03/examples/calendar (deflated 70%)
updating: node_modules/json-schema/draft-03/examples/card (deflated 82%)
updating: node_modules/json-schema/draft-03/examples/geo (deflated 36%)
updating: node_modules/json-schema/draft-03/examples/address (deflated 64%)
updating: node_modules/json-schema/draft-03/examples/interfaces (deflated 60%)
updating: node_modules/json-schema/draft-03/json-ref (deflated 54%)
updating: node_modules/json-schema/lib/ (stored 0%)
updating: node_modules/json-schema/lib/links.js (deflated 56%)
updating: node_modules/json-schema/lib/validate.js (deflated 70%)
updating: node_modules/json-schema/draft-04/ (stored 0%)
updating: node_modules/json-schema/draft-04/schema (deflated 81%)
updating: node_modules/json-schema/draft-04/links (deflated 66%)
updating: node_modules/json-schema/draft-04/hyper-schema (deflated 69%)
updating: node_modules/json-schema/draft-zyp-json-schema-04.xml (deflated 74%)
updating: node_modules/mime-db/ (stored 0%)
updating: node_modules/mime-db/db.json (deflated 88%)
updating: node_modules/mime-db/LICENSE (deflated 41%)
updating: node_modules/mime-db/HISTORY.md (deflated 76%)
updating: node_modules/mime-db/index.js (deflated 14%)
updating: node_modules/mime-db/README.md (deflated 58%)
updating: node_modules/mime-db/package.json (deflated 59%)
updating: node_modules/jsbn/ (stored 0%)
updating: node_modules/jsbn/.npmignore (stored 0%)
updating: node_modules/jsbn/LICENSE (deflated 46%)
updating: node_modules/jsbn/index.js (deflated 73%)
updating: node_modules/jsbn/README.md (deflated 54%)
updating: node_modules/jsbn/example.html (deflated 38%)
updating: node_modules/jsbn/package.json (deflated 52%)
updating: node_modules/jsbn/example.js (deflated 20%)
updating: readme.md (deflated 18%)
